<?xml version="1.0" encoding="UTF-8"?>
<testsuite name="tests.RegistrationTest" tests="1" skipped="0" failures="0" errors="0" timestamp="2021-12-03T16:09:46" hostname="LAPTOP-44JBEN25" time="1.738">
  <properties/>
  <testcase name="regTestPositive[0](User{email='axpoor@gmail.com', password='Ww13456@', name='Sonya', lastname='Shu'})" classname="tests.RegistrationTest" time="1.738"/>
  <system-out><![CDATA[18:09:31 INFO  tests.TestBase - Start test--->regTestPositive
18:09:31 INFO  manager.MyListener - Start searching element by locator-->By.xpath: //a[@href="/logout?url=%2Fsearch"]
18:09:46 INFO  manager.MyListener - The element with locator-->By.xpath: //a[@href="/logout?url=%2Fsearch"]was found
18:09:46 INFO  tests.TestBase - Test Registration Positive starts with email--->axpoor@gmail.com
18:09:46 INFO  tests.TestBase - Test Registration Positive starts with password--->Ww13456@
18:09:46 INFO  tests.TestBase - Test Registration Positive starts with name--->Sonya
18:09:46 INFO  tests.TestBase - Test Registration Positive starts with lastname--->Shu
18:09:46 INFO  manager.MyListener - Start searching element by locator-->By.xpath: //a[@href='/registration?url=%2Fsearch']
18:09:46 INFO  manager.MyListener - The element with locator-->By.xpath: //a[@href='/registration?url=%2Fsearch']was found
18:09:46 INFO  manager.MyListener - Start searching element by locator-->By.xpath: //input[@autocomplete='name']
18:09:46 INFO  manager.MyListener - The element with locator-->By.xpath: //input[@autocomplete='name']was found
18:09:46 INFO  manager.MyListener - Start searching element by locator-->By.xpath: //input[@autocomplete='family-name']
18:09:46 INFO  manager.MyListener - The element with locator-->By.xpath: //input[@autocomplete='family-name']was found
18:09:46 INFO  manager.MyListener - Start searching element by locator-->By.xpath: //input[@autocomplete='email']
18:09:46 INFO  manager.MyListener - The element with locator-->By.xpath: //input[@autocomplete='email']was found
18:09:47 INFO  manager.MyListener - Start searching element by locator-->By.xpath: //input[@autocomplete='new-password']
18:09:47 INFO  manager.MyListener - The element with locator-->By.xpath: //input[@autocomplete='new-password']was found
18:09:47 INFO  manager.MyListener - Start searching element by locator-->By.xpath: //button[@type='submit']
18:09:47 INFO  manager.MyListener - The element with locator-->By.xpath: //button[@type='submit']was found
18:09:47 INFO  manager.MyListener - Start searching element by locator-->By.xpath: //h2[text()='You are logged in success']
18:09:48 INFO  manager.MyListener - The element with locator-->By.xpath: //h2[text()='You are logged in success']was found
18:09:48 INFO  manager.MyListener - Start searching element by locator-->By.xpath: //h2[text()='You are logged in success']
18:09:48 INFO  manager.MyListener - The element with locator-->By.xpath: //h2[text()='You are logged in success']was found
18:09:48 INFO  manager.MyListener - Start searching element by locator-->By.xpath: //button[text()='Ok']
18:09:48 INFO  manager.MyListener - The element with locator-->By.xpath: //button[text()='Ok']was found
18:09:48 INFO  manager.MyListener - Start searching element by locator-->By.xpath: //button[text()='Ok']
18:09:48 INFO  manager.MyListener - The element with locator-->By.xpath: //button[text()='Ok']was found
18:09:48 INFO  tests.TestBase - The end of test--->regTestPositive
]]></system-out>
  <system-err><![CDATA[]]></system-err>
</testsuite>
