<?xml version="1.0" encoding="UTF-8"?>
<testsuite name="tests.LoginTests" tests="7" skipped="0" failures="0" errors="0" timestamp="2021-11-27T16:42:27" hostname="LAPTOP-44JBEN25" time="75.643">
  <properties/>
  <testcase name="test[0](goodwin49@mail.ru, Car12345)" classname="tests.LoginTests" time="2.573"/>
  <testcase name="test[1](goodwin49@mail.ru, Car12345)" classname="tests.LoginTests" time="2.525"/>
  <testcase name="test[2](goodwin49@mail.ru, Car12345)" classname="tests.LoginTests" time="2.503"/>
  <testcase name="test2[0](User{email='goodwin49@mail.ru', password='Car12345', name='null', lastname='null'})" classname="tests.LoginTests" time="2.531"/>
  <testcase name="test2[1](User{email='goodwin49@mail.ru', password='Car12345', name='null', lastname='null'})" classname="tests.LoginTests" time="2.559"/>
  <testcase name="wrongEmail" classname="tests.LoginTests" time="15.46"/>
  <testcase name="wrongPass" classname="tests.LoginTests" time="16.562"/>
  <system-out><![CDATA[18:42:12 INFO  tests.TestBase - Start test--->test
18:42:12 INFO  manager.MyListener - Start searching element by locator-->By.xpath: //a[@href="/logout?url=%2Fsearch"]
18:42:27 INFO  manager.MyListener - The element with locator-->By.xpath: //a[@href="/logout?url=%2Fsearch"]was found
18:42:27 INFO  manager.MyListener - Start searching element by locator-->By.xpath: //div[@class='header']/a[6]
18:42:27 INFO  manager.MyListener - The element with locator-->By.xpath: //div[@class='header']/a[6]was found
18:42:27 INFO  manager.MyListener - Start searching element by locator-->By.xpath: //input[@autocomplete='username']
18:42:27 INFO  manager.MyListener - The element with locator-->By.xpath: //input[@autocomplete='username']was found
18:42:27 INFO  manager.MyListener - Start searching element by locator-->By.xpath: //input[@autocomplete='current-password']
18:42:27 INFO  manager.MyListener - The element with locator-->By.xpath: //input[@autocomplete='current-password']was found
18:42:28 INFO  manager.MyListener - Start searching element by locator-->By.xpath: //button[@type='submit']
18:42:28 INFO  manager.MyListener - The element with locator-->By.xpath: //button[@type='submit']was found
18:42:30 INFO  manager.MyListener - Start searching element by locator-->By.cssSelector: .dialog-container
18:42:30 INFO  manager.MyListener - The element with locator-->By.cssSelector: .dialog-containerwas found
18:42:30 INFO  manager.MyListener - Start searching element by locator-->By.cssSelector: .dialog-container h2
18:42:30 INFO  manager.MyListener - The element with locator-->By.cssSelector: .dialog-container h2was found
18:42:30 INFO  manager.MyListener - Start searching element by locator-->By.xpath: //button[text()='Ok']
18:42:30 INFO  manager.MyListener - The element with locator-->By.xpath: //button[text()='Ok']was found
18:42:30 INFO  manager.MyListener - Start searching element by locator-->By.xpath: //button[text()='Ok']
18:42:30 INFO  manager.MyListener - The element with locator-->By.xpath: //button[text()='Ok']was found
18:42:30 INFO  tests.TestBase - The end of test--->test
18:42:30 INFO  tests.TestBase - Start test--->test
18:42:30 INFO  manager.MyListener - Start searching element by locator-->By.xpath: //a[@href="/logout?url=%2Fsearch"]
18:42:30 INFO  manager.MyListener - The element with locator-->By.xpath: //a[@href="/logout?url=%2Fsearch"]was found
18:42:30 INFO  manager.MyListener - Start searching element by locator-->By.xpath: //a[@href="/logout?url=%2Fsearch"]
18:42:30 INFO  manager.MyListener - The element with locator-->By.xpath: //a[@href="/logout?url=%2Fsearch"]was found
18:42:30 INFO  manager.MyListener - Start searching element by locator-->By.xpath: //div[@class='header']/a[6]
18:42:30 INFO  manager.MyListener - The element with locator-->By.xpath: //div[@class='header']/a[6]was found
18:42:30 INFO  manager.MyListener - Start searching element by locator-->By.xpath: //input[@autocomplete='username']
18:42:30 INFO  manager.MyListener - The element with locator-->By.xpath: //input[@autocomplete='username']was found
18:42:30 INFO  manager.MyListener - Start searching element by locator-->By.xpath: //input[@autocomplete='current-password']
18:42:30 INFO  manager.MyListener - The element with locator-->By.xpath: //input[@autocomplete='current-password']was found
18:42:30 INFO  manager.MyListener - Start searching element by locator-->By.xpath: //button[@type='submit']
18:42:30 INFO  manager.MyListener - The element with locator-->By.xpath: //button[@type='submit']was found
18:42:32 INFO  manager.MyListener - Start searching element by locator-->By.cssSelector: .dialog-container
18:42:32 INFO  manager.MyListener - The element with locator-->By.cssSelector: .dialog-containerwas found
18:42:32 INFO  manager.MyListener - Start searching element by locator-->By.cssSelector: .dialog-container h2
18:42:32 INFO  manager.MyListener - The element with locator-->By.cssSelector: .dialog-container h2was found
18:42:32 INFO  manager.MyListener - Start searching element by locator-->By.xpath: //button[text()='Ok']
18:42:32 INFO  manager.MyListener - The element with locator-->By.xpath: //button[text()='Ok']was found
18:42:32 INFO  manager.MyListener - Start searching element by locator-->By.xpath: //button[text()='Ok']
18:42:32 INFO  manager.MyListener - The element with locator-->By.xpath: //button[text()='Ok']was found
18:42:33 INFO  tests.TestBase - The end of test--->test
18:42:33 INFO  tests.TestBase - Start test--->test
18:42:33 INFO  manager.MyListener - Start searching element by locator-->By.xpath: //a[@href="/logout?url=%2Fsearch"]
18:42:33 INFO  manager.MyListener - The element with locator-->By.xpath: //a[@href="/logout?url=%2Fsearch"]was found
18:42:33 INFO  manager.MyListener - Start searching element by locator-->By.xpath: //a[@href="/logout?url=%2Fsearch"]
18:42:33 INFO  manager.MyListener - The element with locator-->By.xpath: //a[@href="/logout?url=%2Fsearch"]was found
18:42:33 INFO  manager.MyListener - Start searching element by locator-->By.xpath: //div[@class='header']/a[6]
18:42:33 INFO  manager.MyListener - The element with locator-->By.xpath: //div[@class='header']/a[6]was found
18:42:33 INFO  manager.MyListener - Start searching element by locator-->By.xpath: //input[@autocomplete='username']
18:42:33 INFO  manager.MyListener - The element with locator-->By.xpath: //input[@autocomplete='username']was found
18:42:33 INFO  manager.MyListener - Start searching element by locator-->By.xpath: //input[@autocomplete='current-password']
18:42:33 INFO  manager.MyListener - The element with locator-->By.xpath: //input[@autocomplete='current-password']was found
18:42:33 INFO  manager.MyListener - Start searching element by locator-->By.xpath: //button[@type='submit']
18:42:33 INFO  manager.MyListener - The element with locator-->By.xpath: //button[@type='submit']was found
18:42:35 INFO  manager.MyListener - Start searching element by locator-->By.cssSelector: .dialog-container
18:42:35 INFO  manager.MyListener - The element with locator-->By.cssSelector: .dialog-containerwas found
18:42:35 INFO  manager.MyListener - Start searching element by locator-->By.cssSelector: .dialog-container h2
18:42:35 INFO  manager.MyListener - The element with locator-->By.cssSelector: .dialog-container h2was found
18:42:35 INFO  manager.MyListener - Start searching element by locator-->By.xpath: //button[text()='Ok']
18:42:35 INFO  manager.MyListener - The element with locator-->By.xpath: //button[text()='Ok']was found
18:42:35 INFO  manager.MyListener - Start searching element by locator-->By.xpath: //button[text()='Ok']
18:42:35 INFO  manager.MyListener - The element with locator-->By.xpath: //button[text()='Ok']was found
18:42:35 INFO  tests.TestBase - The end of test--->test
18:42:35 INFO  tests.TestBase - Start test--->test2
18:42:35 INFO  manager.MyListener - Start searching element by locator-->By.xpath: //a[@href="/logout?url=%2Fsearch"]
18:42:35 INFO  manager.MyListener - The element with locator-->By.xpath: //a[@href="/logout?url=%2Fsearch"]was found
18:42:35 INFO  manager.MyListener - Start searching element by locator-->By.xpath: //a[@href="/logout?url=%2Fsearch"]
18:42:35 INFO  manager.MyListener - The element with locator-->By.xpath: //a[@href="/logout?url=%2Fsearch"]was found
18:42:35 INFO  tests.TestBase - Test Login Positive starts with email-->goodwin49@mail.ru
18:42:35 INFO  tests.TestBase - Test Login Positive starts with password-->Car12345
18:42:35 INFO  manager.MyListener - Start searching element by locator-->By.xpath: //div[@class='header']/a[6]
18:42:35 INFO  manager.MyListener - The element with locator-->By.xpath: //div[@class='header']/a[6]was found
18:42:35 INFO  manager.MyListener - Start searching element by locator-->By.xpath: //input[@autocomplete='username']
18:42:35 INFO  manager.MyListener - The element with locator-->By.xpath: //input[@autocomplete='username']was found
18:42:35 INFO  manager.MyListener - Start searching element by locator-->By.xpath: //input[@autocomplete='current-password']
18:42:36 INFO  manager.MyListener - The element with locator-->By.xpath: //input[@autocomplete='current-password']was found
18:42:36 INFO  manager.MyListener - Start searching element by locator-->By.xpath: //button[@type='submit']
18:42:36 INFO  manager.MyListener - The element with locator-->By.xpath: //button[@type='submit']was found
18:42:38 INFO  manager.MyListener - Start searching element by locator-->By.cssSelector: .dialog-container
18:42:38 INFO  manager.MyListener - The element with locator-->By.cssSelector: .dialog-containerwas found
18:42:38 INFO  manager.MyListener - Start searching element by locator-->By.cssSelector: .dialog-container h2
18:42:38 INFO  manager.MyListener - The element with locator-->By.cssSelector: .dialog-container h2was found
18:42:38 INFO  manager.MyListener - Start searching element by locator-->By.xpath: //button[text()='Ok']
18:42:38 INFO  manager.MyListener - The element with locator-->By.xpath: //button[text()='Ok']was found
18:42:38 INFO  manager.MyListener - Start searching element by locator-->By.xpath: //button[text()='Ok']
18:42:38 INFO  manager.MyListener - The element with locator-->By.xpath: //button[text()='Ok']was found
18:42:38 INFO  tests.TestBase - The end of test--->test2
18:42:38 INFO  tests.TestBase - Start test--->test2
18:42:38 INFO  manager.MyListener - Start searching element by locator-->By.xpath: //a[@href="/logout?url=%2Fsearch"]
18:42:38 INFO  manager.MyListener - The element with locator-->By.xpath: //a[@href="/logout?url=%2Fsearch"]was found
18:42:38 INFO  manager.MyListener - Start searching element by locator-->By.xpath: //a[@href="/logout?url=%2Fsearch"]
18:42:38 INFO  manager.MyListener - The element with locator-->By.xpath: //a[@href="/logout?url=%2Fsearch"]was found
18:42:38 INFO  tests.TestBase - Test Login Positive starts with email-->goodwin49@mail.ru
18:42:38 INFO  tests.TestBase - Test Login Positive starts with password-->Car12345
18:42:38 INFO  manager.MyListener - Start searching element by locator-->By.xpath: //div[@class='header']/a[6]
18:42:38 INFO  manager.MyListener - The element with locator-->By.xpath: //div[@class='header']/a[6]was found
18:42:38 INFO  manager.MyListener - Start searching element by locator-->By.xpath: //input[@autocomplete='username']
18:42:38 INFO  manager.MyListener - The element with locator-->By.xpath: //input[@autocomplete='username']was found
18:42:38 INFO  manager.MyListener - Start searching element by locator-->By.xpath: //input[@autocomplete='current-password']
18:42:38 INFO  manager.MyListener - The element with locator-->By.xpath: //input[@autocomplete='current-password']was found
18:42:38 INFO  manager.MyListener - Start searching element by locator-->By.xpath: //button[@type='submit']
18:42:38 INFO  manager.MyListener - The element with locator-->By.xpath: //button[@type='submit']was found
18:42:40 INFO  manager.MyListener - Start searching element by locator-->By.cssSelector: .dialog-container
18:42:40 INFO  manager.MyListener - The element with locator-->By.cssSelector: .dialog-containerwas found
18:42:41 INFO  manager.MyListener - Start searching element by locator-->By.cssSelector: .dialog-container h2
18:42:41 INFO  manager.MyListener - The element with locator-->By.cssSelector: .dialog-container h2was found
18:42:41 INFO  manager.MyListener - Start searching element by locator-->By.xpath: //button[text()='Ok']
18:42:41 INFO  manager.MyListener - The element with locator-->By.xpath: //button[text()='Ok']was found
18:42:41 INFO  manager.MyListener - Start searching element by locator-->By.xpath: //button[text()='Ok']
18:42:41 INFO  manager.MyListener - The element with locator-->By.xpath: //button[text()='Ok']was found
18:42:41 INFO  tests.TestBase - The end of test--->test2
18:42:41 INFO  tests.TestBase - Start test--->wrongEmail
18:42:41 INFO  manager.MyListener - Start searching element by locator-->By.xpath: //a[@href="/logout?url=%2Fsearch"]
18:42:41 INFO  manager.MyListener - The element with locator-->By.xpath: //a[@href="/logout?url=%2Fsearch"]was found
18:42:41 INFO  manager.MyListener - Start searching element by locator-->By.xpath: //a[@href="/logout?url=%2Fsearch"]
18:42:41 INFO  manager.MyListener - The element with locator-->By.xpath: //a[@href="/logout?url=%2Fsearch"]was found
18:42:41 INFO  tests.TestBase - Test Login Negative wrong email starts with email-->goodwin49mail.ru
18:42:41 INFO  tests.TestBase - Test Login Negative wrong email starts with password-->Car12345
18:42:41 INFO  manager.MyListener - Start searching element by locator-->By.xpath: //div[@class='header']/a[6]
18:42:41 INFO  manager.MyListener - The element with locator-->By.xpath: //div[@class='header']/a[6]was found
18:42:41 INFO  manager.MyListener - Start searching element by locator-->By.xpath: //input[@autocomplete='username']
18:42:41 INFO  manager.MyListener - The element with locator-->By.xpath: //input[@autocomplete='username']was found
18:42:41 INFO  manager.MyListener - Start searching element by locator-->By.xpath: //input[@autocomplete='current-password']
18:42:41 INFO  manager.MyListener - The element with locator-->By.xpath: //input[@autocomplete='current-password']was found
18:42:41 INFO  manager.MyListener - Start searching element by locator-->By.xpath: //button[@type='submit']
18:42:41 INFO  manager.MyListener - The element with locator-->By.xpath: //button[@type='submit']was found
18:42:41 INFO  manager.MyListener - Start searching element by locator-->By.xpath: //div[contains(text(),"It'snot")]
18:42:41 INFO  manager.MyListener - The element with locator-->By.xpath: //div[contains(text(),"It'snot")]was found
18:42:41 INFO  manager.MyListener - Start searching element by locator-->By.xpath: //a[@href="/logout?url=%2Fsearch"]
18:42:56 INFO  manager.MyListener - The element with locator-->By.xpath: //a[@href="/logout?url=%2Fsearch"]was found
18:42:56 INFO  manager.MyListener - Start searching element by locator-->By.xpath: //button[text()='Ok']
18:43:11 INFO  manager.MyListener - The element with locator-->By.xpath: //button[text()='Ok']was found
18:43:11 INFO  tests.TestBase - The end of test--->wrongEmail
18:43:11 INFO  tests.TestBase - Start test--->wrongPass
18:43:11 INFO  manager.MyListener - Start searching element by locator-->By.xpath: //a[@href="/logout?url=%2Fsearch"]
18:43:26 INFO  manager.MyListener - The element with locator-->By.xpath: //a[@href="/logout?url=%2Fsearch"]was found
18:43:26 INFO  tests.TestBase - Test Login Negative wrong password starts with email-->goodwin49@mail.ru
18:43:26 INFO  tests.TestBase - Test Login Negative wrong password starts with password-->ar12345
18:43:26 INFO  manager.MyListener - Start searching element by locator-->By.xpath: //div[@class='header']/a[6]
18:43:26 INFO  manager.MyListener - The element with locator-->By.xpath: //div[@class='header']/a[6]was found
18:43:26 INFO  manager.MyListener - Start searching element by locator-->By.xpath: //input[@autocomplete='username']
18:43:26 INFO  manager.MyListener - The element with locator-->By.xpath: //input[@autocomplete='username']was found
18:43:26 INFO  manager.MyListener - Start searching element by locator-->By.xpath: //input[@autocomplete='current-password']
18:43:26 INFO  manager.MyListener - The element with locator-->By.xpath: //input[@autocomplete='current-password']was found
18:43:27 INFO  manager.MyListener - Start searching element by locator-->By.xpath: //button[@type='submit']
18:43:27 INFO  manager.MyListener - The element with locator-->By.xpath: //button[@type='submit']was found
18:43:27 INFO  manager.MyListener - Start searching element by locator-->By.xpath: //mat-dialog-container
18:43:28 INFO  manager.MyListener - The element with locator-->By.xpath: //mat-dialog-containerwas found
18:43:28 INFO  manager.MyListener - Start searching element by locator-->By.xpath: //mat-dialog-container//h2
18:43:28 INFO  manager.MyListener - The element with locator-->By.xpath: //mat-dialog-container//h2was found
18:43:28 INFO  manager.MyListener - Start searching element by locator-->By.xpath: //a[@href="/logout?url=%2Fsearch"]
18:43:43 INFO  manager.MyListener - The element with locator-->By.xpath: //a[@href="/logout?url=%2Fsearch"]was found
18:43:43 INFO  manager.MyListener - Start searching element by locator-->By.xpath: //button[text()='Ok']
18:43:43 INFO  manager.MyListener - The element with locator-->By.xpath: //button[text()='Ok']was found
18:43:43 INFO  manager.MyListener - Start searching element by locator-->By.xpath: //button[text()='Ok']
18:43:43 INFO  manager.MyListener - The element with locator-->By.xpath: //button[text()='Ok']was found
18:43:43 INFO  tests.TestBase - The end of test--->wrongPass
]]></system-out>
  <system-err><![CDATA[]]></system-err>
</testsuite>
