<?xml version="1.0" encoding="UTF-8"?>
<testsuite name="tests.AddNewCar" tests="2" skipped="0" failures="0" errors="0" timestamp="2021-11-27T16:41:31" hostname="LAPTOP-44JBEN25" time="21.3">
  <properties/>
  <testcase name="addNewCarTestPositive" classname="tests.AddNewCar" time="9.093"/>
  <testcase name="addNewCarTestPositive2" classname="tests.AddNewCar" time="8.452"/>
  <system-out><![CDATA[18:41:28 INFO  tests.TestBase - Start test--->addNewCarTestPositive
18:41:28 INFO  manager.MyListener - Start searching element by locator-->By.xpath: //a[text()=' Log in ']
18:41:28 INFO  manager.MyListener - The element with locator-->By.xpath: //a[text()=' Log in ']was found
18:41:28 INFO  tests.TestBase - Test starts with emai-->goodwin49@mail.ru
18:41:28 INFO  tests.TestBase - Test starts with password-->Car12345
18:41:28 INFO  manager.MyListener - Start searching element by locator-->By.xpath: //div[@class='header']/a[6]
18:41:28 INFO  manager.MyListener - The element with locator-->By.xpath: //div[@class='header']/a[6]was found
18:41:28 INFO  manager.MyListener - Start searching element by locator-->By.xpath: //input[@autocomplete='username']
18:41:28 INFO  manager.MyListener - The element with locator-->By.xpath: //input[@autocomplete='username']was found
18:41:28 INFO  manager.MyListener - Start searching element by locator-->By.xpath: //input[@autocomplete='current-password']
18:41:28 INFO  manager.MyListener - The element with locator-->By.xpath: //input[@autocomplete='current-password']was found
18:41:28 INFO  manager.MyListener - Start searching element by locator-->By.xpath: //button[@type='submit']
18:41:28 INFO  manager.MyListener - The element with locator-->By.xpath: //button[@type='submit']was found
18:41:28 INFO  manager.MyListener - Start searching element by locator-->By.xpath: //button[text()='Ok']
18:41:29 INFO  manager.MyListener - The element with locator-->By.xpath: //button[text()='Ok']was found
18:41:29 INFO  manager.MyListener - Start searching element by locator-->By.xpath: //button[text()='Ok']
18:41:29 INFO  manager.MyListener - The element with locator-->By.xpath: //button[text()='Ok']was found
18:41:31 INFO  manager.MyListener - Start searching element by locator-->By.id: 1
18:41:31 INFO  manager.MyListener - The element with locator-->By.id: 1was found
18:41:31 INFO  manager.MyListener - Start searching element by locator-->By.cssSelector: h2
18:41:31 INFO  manager.MyListener - The element with locator-->By.cssSelector: h2was found
18:41:31 INFO  manager.MyListener - Start searching element by locator-->By.id: pickUpPlace
18:41:31 INFO  manager.MyListener - The element with locator-->By.id: pickUpPlacewas found
18:41:31 INFO  manager.MyListener - Start searching element by locator-->By.cssSelector: div.pac-item
18:41:32 INFO  manager.MyListener - The element with locator-->By.cssSelector: div.pac-itemwas found
18:41:32 INFO  manager.MyListener - Start searching element by locator-->By.id: make
18:41:32 INFO  manager.MyListener - The element with locator-->By.id: makewas found
18:41:32 INFO  manager.MyListener - Start searching element by locator-->By.id: model
18:41:32 INFO  manager.MyListener - The element with locator-->By.id: modelwas found
18:41:32 INFO  manager.MyListener - Start searching element by locator-->By.id: year
18:41:32 INFO  manager.MyListener - The element with locator-->By.id: yearwas found
18:41:32 INFO  manager.MyListener - Start searching element by locator-->By.id: engine
18:41:32 INFO  manager.MyListener - The element with locator-->By.id: enginewas found
18:41:33 INFO  manager.MyListener - Start searching element by locator-->By.id: fuel
18:41:33 INFO  manager.MyListener - The element with locator-->By.id: fuelwas found
18:41:33 INFO  manager.MyListener - Start searching element by locator-->By.xpath: .//option[@value = "Petrol"]
18:41:33 INFO  manager.MyListener - The element with locator-->By.xpath: .//option[@value = "Petrol"]was found
18:41:33 INFO  manager.MyListener - Start searching element by locator-->By.id: gear
18:41:33 INFO  manager.MyListener - The element with locator-->By.id: gearwas found
18:41:33 INFO  manager.MyListener - Start searching element by locator-->By.xpath: .//option[@value = "MT"]
18:41:33 INFO  manager.MyListener - The element with locator-->By.xpath: .//option[@value = "MT"]was found
18:41:33 INFO  manager.MyListener - Start searching element by locator-->By.id: wheelsDrive
18:41:33 INFO  manager.MyListener - The element with locator-->By.id: wheelsDrivewas found
18:41:33 INFO  manager.MyListener - Start searching element by locator-->By.xpath: .//option[@value = "AWD"]
18:41:33 INFO  manager.MyListener - The element with locator-->By.xpath: .//option[@value = "AWD"]was found
18:41:33 INFO  manager.MyListener - Start searching element by locator-->By.id: doors
18:41:33 INFO  manager.MyListener - The element with locator-->By.id: doorswas found
18:41:33 INFO  manager.MyListener - Start searching element by locator-->By.id: seats
18:41:33 INFO  manager.MyListener - The element with locator-->By.id: seatswas found
18:41:33 INFO  manager.MyListener - Start searching element by locator-->By.id: class
18:41:33 INFO  manager.MyListener - The element with locator-->By.id: classwas found
18:41:33 INFO  manager.MyListener - Start searching element by locator-->By.id: fuelConsumption
18:41:33 INFO  manager.MyListener - The element with locator-->By.id: fuelConsumptionwas found
18:41:33 INFO  manager.MyListener - Start searching element by locator-->By.id: serialNumber
18:41:33 INFO  manager.MyListener - The element with locator-->By.id: serialNumberwas found
18:41:34 INFO  manager.MyListener - Start searching element by locator-->By.id: price
18:41:34 INFO  manager.MyListener - The element with locator-->By.id: pricewas found
18:41:34 INFO  manager.MyListener - Start searching element by locator-->By.id: distance
18:41:34 INFO  manager.MyListener - The element with locator-->By.id: distancewas found
18:41:34 INFO  manager.MyListener - Start searching element by locator-->By.cssSelector: .feature-input
18:41:34 INFO  manager.MyListener - The element with locator-->By.cssSelector: .feature-inputwas found
18:41:34 INFO  manager.MyListener - Start searching element by locator-->By.id: about
18:41:34 INFO  manager.MyListener - The element with locator-->By.id: aboutwas found
18:41:34 INFO  manager.MyListener - Start searching element by locator-->By.id: photos
18:41:34 INFO  manager.MyListener - The element with locator-->By.id: photoswas found
18:41:34 INFO  manager.MyListener - Start searching element by locator-->By.xpath: //button[@type='submit']
18:41:34 INFO  manager.MyListener - The element with locator-->By.xpath: //button[@type='submit']was found
18:41:38 INFO  manager.MyListener - Start searching element by locator-->By.xpath: //div//h2[contains(.,'successful')]
18:41:40 INFO  manager.MyListener - The element with locator-->By.xpath: //div//h2[contains(.,'successful')]was found
18:41:40 INFO  manager.MyListener - Start searching element by locator-->By.xpath: //div//button[text()='Add another car']
18:41:40 INFO  manager.MyListener - The element with locator-->By.xpath: //div//button[text()='Add another car']was found
18:41:40 INFO  manager.MyListener - Start searching element by locator-->By.xpath: //a[text()=' Logout ']
18:41:40 INFO  manager.MyListener - The element with locator-->By.xpath: //a[text()=' Logout ']was found
18:41:40 INFO  manager.MyListener - Start searching element by locator-->By.xpath: //div[@class='header']//img[@alt='logo']
18:41:40 INFO  manager.MyListener - The element with locator-->By.xpath: //div[@class='header']//img[@alt='logo']was found
18:41:41 INFO  tests.TestBase - The end of test--->addNewCarTestPositive
18:41:41 INFO  tests.TestBase - Start test--->addNewCarTestPositive2
18:41:41 INFO  manager.MyListener - Start searching element by locator-->By.xpath: //a[text()=' Log in ']
18:41:41 INFO  manager.MyListener - The element with locator-->By.xpath: //a[text()=' Log in ']was found
18:41:41 INFO  tests.TestBase - Test starts with emai-->goodwin49@mail.ru
18:41:41 INFO  tests.TestBase - Test starts with password-->Car12345
18:41:41 INFO  manager.MyListener - Start searching element by locator-->By.xpath: //div[@class='header']/a[6]
18:41:41 INFO  manager.MyListener - The element with locator-->By.xpath: //div[@class='header']/a[6]was found
18:41:41 INFO  manager.MyListener - Start searching element by locator-->By.xpath: //input[@autocomplete='username']
18:41:41 INFO  manager.MyListener - The element with locator-->By.xpath: //input[@autocomplete='username']was found
18:41:41 INFO  manager.MyListener - Start searching element by locator-->By.xpath: //input[@autocomplete='current-password']
18:41:41 INFO  manager.MyListener - The element with locator-->By.xpath: //input[@autocomplete='current-password']was found
18:41:41 INFO  manager.MyListener - Start searching element by locator-->By.xpath: //button[@type='submit']
18:41:41 INFO  manager.MyListener - The element with locator-->By.xpath: //button[@type='submit']was found
18:41:41 INFO  manager.MyListener - Start searching element by locator-->By.xpath: //button[text()='Ok']
18:41:42 INFO  manager.MyListener - The element with locator-->By.xpath: //button[text()='Ok']was found
18:41:42 INFO  manager.MyListener - Start searching element by locator-->By.xpath: //button[text()='Ok']
18:41:42 INFO  manager.MyListener - The element with locator-->By.xpath: //button[text()='Ok']was found
18:41:43 INFO  manager.MyListener - Start searching element by locator-->By.id: 1
18:41:43 INFO  manager.MyListener - The element with locator-->By.id: 1was found
18:41:43 INFO  manager.MyListener - Start searching element by locator-->By.cssSelector: h2
18:41:44 INFO  manager.MyListener - The element with locator-->By.cssSelector: h2was found
18:41:44 INFO  manager.MyListener - Start searching element by locator-->By.id: pickUpPlace
18:41:44 INFO  manager.MyListener - The element with locator-->By.id: pickUpPlacewas found
18:41:44 INFO  manager.MyListener - Start searching element by locator-->By.cssSelector: div.pac-item
18:41:45 INFO  manager.MyListener - The element with locator-->By.cssSelector: div.pac-itemwas found
18:41:45 INFO  manager.MyListener - Start searching element by locator-->By.id: make
18:41:45 INFO  manager.MyListener - The element with locator-->By.id: makewas found
18:41:46 INFO  manager.MyListener - Start searching element by locator-->By.id: model
18:41:46 INFO  manager.MyListener - The element with locator-->By.id: modelwas found
18:41:46 INFO  manager.MyListener - Start searching element by locator-->By.id: year
18:41:46 INFO  manager.MyListener - The element with locator-->By.id: yearwas found
18:41:46 INFO  manager.MyListener - Start searching element by locator-->By.id: engine
18:41:46 INFO  manager.MyListener - The element with locator-->By.id: enginewas found
18:41:46 INFO  manager.MyListener - Start searching element by locator-->By.id: fuel
18:41:46 INFO  manager.MyListener - The element with locator-->By.id: fuelwas found
18:41:46 INFO  manager.MyListener - Start searching element by locator-->By.xpath: .//option[@value = "Petrol"]
18:41:46 INFO  manager.MyListener - The element with locator-->By.xpath: .//option[@value = "Petrol"]was found
18:41:46 INFO  manager.MyListener - Start searching element by locator-->By.id: gear
18:41:46 INFO  manager.MyListener - The element with locator-->By.id: gearwas found
18:41:46 INFO  manager.MyListener - Start searching element by locator-->By.xpath: .//option[@value = "AT"]
18:41:46 INFO  manager.MyListener - The element with locator-->By.xpath: .//option[@value = "AT"]was found
18:41:46 INFO  manager.MyListener - Start searching element by locator-->By.id: wheelsDrive
18:41:46 INFO  manager.MyListener - The element with locator-->By.id: wheelsDrivewas found
18:41:46 INFO  manager.MyListener - Start searching element by locator-->By.xpath: .//option[@value = "AWD"]
18:41:46 INFO  manager.MyListener - The element with locator-->By.xpath: .//option[@value = "AWD"]was found
18:41:46 INFO  manager.MyListener - Start searching element by locator-->By.id: doors
18:41:46 INFO  manager.MyListener - The element with locator-->By.id: doorswas found
18:41:46 INFO  manager.MyListener - Start searching element by locator-->By.id: seats
18:41:46 INFO  manager.MyListener - The element with locator-->By.id: seatswas found
18:41:47 INFO  manager.MyListener - Start searching element by locator-->By.id: class
18:41:47 INFO  manager.MyListener - The element with locator-->By.id: classwas found
18:41:47 INFO  manager.MyListener - Start searching element by locator-->By.id: fuelConsumption
18:41:47 INFO  manager.MyListener - The element with locator-->By.id: fuelConsumptionwas found
18:41:47 INFO  manager.MyListener - Start searching element by locator-->By.id: serialNumber
18:41:47 INFO  manager.MyListener - The element with locator-->By.id: serialNumberwas found
18:41:47 INFO  manager.MyListener - Start searching element by locator-->By.id: price
18:41:47 INFO  manager.MyListener - The element with locator-->By.id: pricewas found
18:41:47 INFO  manager.MyListener - Start searching element by locator-->By.id: distance
18:41:47 INFO  manager.MyListener - The element with locator-->By.id: distancewas found
18:41:47 INFO  manager.MyListener - Start searching element by locator-->By.cssSelector: .feature-input
18:41:47 INFO  manager.MyListener - The element with locator-->By.cssSelector: .feature-inputwas found
18:41:47 INFO  manager.MyListener - Start searching element by locator-->By.id: about
18:41:47 INFO  manager.MyListener - The element with locator-->By.id: aboutwas found
18:41:48 INFO  manager.MyListener - Start searching element by locator-->By.id: photos
18:41:48 INFO  manager.MyListener - The element with locator-->By.id: photoswas found
18:41:48 INFO  manager.MyListener - Start searching element by locator-->By.xpath: //button[@type='submit']
18:41:48 INFO  manager.MyListener - The element with locator-->By.xpath: //button[@type='submit']was found
18:41:50 INFO  manager.MyListener - Start searching element by locator-->By.xpath: //div//h2[contains(.,'successful')]
18:41:52 INFO  manager.MyListener - The element with locator-->By.xpath: //div//h2[contains(.,'successful')]was found
18:41:52 INFO  manager.MyListener - Start searching element by locator-->By.xpath: //div//button[text()='Add another car']
18:41:52 INFO  manager.MyListener - The element with locator-->By.xpath: //div//button[text()='Add another car']was found
18:41:52 INFO  manager.MyListener - Start searching element by locator-->By.xpath: //a[text()=' Logout ']
18:41:52 INFO  manager.MyListener - The element with locator-->By.xpath: //a[text()=' Logout ']was found
18:41:52 INFO  manager.MyListener - Start searching element by locator-->By.xpath: //div[@class='header']//img[@alt='logo']
18:41:52 INFO  manager.MyListener - The element with locator-->By.xpath: //div[@class='header']//img[@alt='logo']was found
18:41:52 INFO  tests.TestBase - The end of test--->addNewCarTestPositive2
]]></system-out>
  <system-err><![CDATA[]]></system-err>
</testsuite>
