<?xml version="1.0" encoding="UTF-8"?>
<testsuite name="tests.RegistrationTest" tests="1" skipped="0" failures="0" errors="0" timestamp="2021-11-27T16:43:58" hostname="LAPTOP-44JBEN25" time="1.804">
  <properties/>
  <testcase name="regTestPositive[0](User{email='eeerrr@gmail.com', password='Ww13456@', name='Sonya', lastname='Shu'})" classname="tests.RegistrationTest" time="1.804"/>
  <system-out><![CDATA[18:43:43 INFO  tests.TestBase - Start test--->regTestPositive
18:43:43 INFO  manager.MyListener - Start searching element by locator-->By.xpath: //a[@href="/logout?url=%2Fsearch"]
18:43:58 INFO  manager.MyListener - The element with locator-->By.xpath: //a[@href="/logout?url=%2Fsearch"]was found
18:43:58 INFO  tests.TestBase - Test Registration Positive starts with email--->eeerrr@gmail.com
18:43:58 INFO  tests.TestBase - Test Registration Positive starts with password--->Ww13456@
18:43:58 INFO  tests.TestBase - Test Registration Positive starts with name--->Sonya
18:43:58 INFO  tests.TestBase - Test Registration Positive starts with lastname--->Shu
18:43:58 INFO  manager.MyListener - Start searching element by locator-->By.xpath: //a[@href='/registration?url=%2Fsearch']
18:43:58 INFO  manager.MyListener - The element with locator-->By.xpath: //a[@href='/registration?url=%2Fsearch']was found
18:43:58 INFO  manager.MyListener - Start searching element by locator-->By.xpath: //input[@autocomplete='name']
18:43:58 INFO  manager.MyListener - The element with locator-->By.xpath: //input[@autocomplete='name']was found
18:43:58 INFO  manager.MyListener - Start searching element by locator-->By.xpath: //input[@autocomplete='family-name']
18:43:58 INFO  manager.MyListener - The element with locator-->By.xpath: //input[@autocomplete='family-name']was found
18:43:58 INFO  manager.MyListener - Start searching element by locator-->By.xpath: //input[@autocomplete='email']
18:43:58 INFO  manager.MyListener - The element with locator-->By.xpath: //input[@autocomplete='email']was found
18:43:58 INFO  manager.MyListener - Start searching element by locator-->By.xpath: //input[@autocomplete='new-password']
18:43:58 INFO  manager.MyListener - The element with locator-->By.xpath: //input[@autocomplete='new-password']was found
18:43:59 INFO  manager.MyListener - Start searching element by locator-->By.xpath: //button[@type='submit']
18:43:59 INFO  manager.MyListener - The element with locator-->By.xpath: //button[@type='submit']was found
18:43:59 INFO  manager.MyListener - Start searching element by locator-->By.xpath: //h2[text()='You are logged in success']
18:44:00 INFO  manager.MyListener - The element with locator-->By.xpath: //h2[text()='You are logged in success']was found
18:44:00 INFO  manager.MyListener - Start searching element by locator-->By.xpath: //h2[text()='You are logged in success']
18:44:00 INFO  manager.MyListener - The element with locator-->By.xpath: //h2[text()='You are logged in success']was found
18:44:00 INFO  manager.MyListener - Start searching element by locator-->By.xpath: //button[text()='Ok']
18:44:00 INFO  manager.MyListener - The element with locator-->By.xpath: //button[text()='Ok']was found
18:44:00 INFO  manager.MyListener - Start searching element by locator-->By.xpath: //button[text()='Ok']
18:44:00 INFO  manager.MyListener - The element with locator-->By.xpath: //button[text()='Ok']was found
18:44:00 INFO  tests.TestBase - The end of test--->regTestPositive
]]></system-out>
  <system-err><![CDATA[]]></system-err>
</testsuite>
