<?xml version="1.0" encoding="UTF-8"?>
<testsuite name="tests.FindYourCar" tests="5" skipped="0" failures="0" errors="0" timestamp="2021-12-03T16:07:41" hostname="LAPTOP-44JBEN25" time="18.653">
  <properties/>
  <testcase name="findYourCarPositive" classname="tests.FindYourCar" time="2.993"/>
  <testcase name="findYourCarPositive2" classname="tests.FindYourCar" time="2.539"/>
  <testcase name="findYourCarPositive3" classname="tests.FindYourCar" time="2.467"/>
  <testcase name="searchTestYear" classname="tests.FindYourCar" time="6.746"/>
  <testcase name="searchTests" classname="tests.FindYourCar" time="2.889"/>
  <system-out><![CDATA[18:07:41 INFO  tests.TestBase - Start test--->findYourCarPositive
18:07:41 INFO  manager.MyListener - Start searching element by locator-->By.xpath: //input[@id='city']
18:07:41 INFO  manager.MyListener - The element with locator-->By.xpath: //input[@id='city']was found
18:07:41 INFO  manager.MyListener - Start searching element by locator-->By.cssSelector: div.pac-item
18:07:42 INFO  manager.MyListener - The element with locator-->By.cssSelector: div.pac-itemwas found
18:07:42 INFO  manager.MyListener - Start searching element by locator-->By.xpath: (//input[@id='dates'])[1]
18:07:42 INFO  manager.MyListener - The element with locator-->By.xpath: (//input[@id='dates'])[1]was found
18:07:42 INFO  manager.MyListener - Start searching element by locator-->By.xpath: //button[@type='submit']
18:07:42 INFO  manager.MyListener - The element with locator-->By.xpath: //button[@type='submit']was found
18:07:43 INFO  manager.MyListener - Start searching element by locator-->By.cssSelector: .car-img-container.ng-star-inserted
18:07:44 INFO  manager.MyListener - The element with locator-->By.cssSelector: .car-img-container.ng-star-insertedwas found
18:07:44 INFO  manager.MyListener - Start searching element by locator-->By.xpath: //div[@class='header']//img[@alt='logo']
18:07:44 INFO  manager.MyListener - The element with locator-->By.xpath: //div[@class='header']//img[@alt='logo']was found
18:07:44 INFO  tests.TestBase - The end of test--->findYourCarPositive
18:07:44 INFO  tests.TestBase - Start test--->findYourCarPositive2
18:07:44 INFO  manager.MyListener - Start searching element by locator-->By.xpath: //input[@id='city']
18:07:44 INFO  manager.MyListener - The element with locator-->By.xpath: //input[@id='city']was found
18:07:44 INFO  manager.MyListener - Start searching element by locator-->By.cssSelector: div.pac-item
18:07:45 INFO  manager.MyListener - The element with locator-->By.cssSelector: div.pac-itemwas found
18:07:45 INFO  manager.MyListener - Start searching element by locator-->By.xpath: (//input[@id='dates'])[1]
18:07:45 INFO  manager.MyListener - The element with locator-->By.xpath: (//input[@id='dates'])[1]was found
18:07:45 INFO  manager.MyListener - Start searching element by locator-->By.xpath: //div[text()= 10 ]
18:07:45 INFO  manager.MyListener - The element with locator-->By.xpath: //div[text()= 10 ]was found
18:07:45 INFO  manager.MyListener - Start searching element by locator-->By.xpath: //div[text()= 15 ]
18:07:45 INFO  manager.MyListener - The element with locator-->By.xpath: //div[text()= 15 ]was found
18:07:45 INFO  manager.MyListener - Start searching element by locator-->By.xpath: //button[@type='submit']
18:07:45 INFO  manager.MyListener - The element with locator-->By.xpath: //button[@type='submit']was found
18:07:45 INFO  manager.MyListener - Start searching element by locator-->By.cssSelector: .car-img-container.ng-star-inserted
18:07:46 INFO  manager.MyListener - The element with locator-->By.cssSelector: .car-img-container.ng-star-insertedwas found
18:07:46 INFO  manager.MyListener - Start searching element by locator-->By.xpath: //div[@class='header']//img[@alt='logo']
18:07:47 INFO  manager.MyListener - The element with locator-->By.xpath: //div[@class='header']//img[@alt='logo']was found
18:07:47 INFO  tests.TestBase - The end of test--->findYourCarPositive2
18:07:47 INFO  tests.TestBase - Start test--->findYourCarPositive3
18:07:47 INFO  manager.MyListener - Start searching element by locator-->By.xpath: //input[@id='city']
18:07:47 INFO  manager.MyListener - The element with locator-->By.xpath: //input[@id='city']was found
18:07:47 INFO  manager.MyListener - Start searching element by locator-->By.cssSelector: div.pac-item
18:07:47 INFO  manager.MyListener - The element with locator-->By.cssSelector: div.pac-itemwas found
18:07:48 INFO  manager.MyListener - Start searching element by locator-->By.xpath: (//input[@id='dates'])[1]
18:07:48 INFO  manager.MyListener - The element with locator-->By.xpath: (//input[@id='dates'])[1]was found
18:07:48 INFO  manager.MyListener - Start searching element by locator-->By.xpath: //div[text()= 10 ]
18:07:48 INFO  manager.MyListener - The element with locator-->By.xpath: //div[text()= 10 ]was found
18:07:48 INFO  manager.MyListener - Start searching element by locator-->By.xpath: //div[text()= 15 ]
18:07:48 INFO  manager.MyListener - The element with locator-->By.xpath: //div[text()= 15 ]was found
18:07:48 INFO  manager.MyListener - Start searching element by locator-->By.xpath: //button[@type='submit']
18:07:48 INFO  manager.MyListener - The element with locator-->By.xpath: //button[@type='submit']was found
18:07:48 INFO  manager.MyListener - Start searching element by locator-->By.cssSelector: .car-img-container.ng-star-inserted
18:07:49 INFO  manager.MyListener - The element with locator-->By.cssSelector: .car-img-container.ng-star-insertedwas found
18:07:49 INFO  manager.MyListener - Start searching element by locator-->By.xpath: //div[@class='header']//img[@alt='logo']
18:07:49 INFO  manager.MyListener - The element with locator-->By.xpath: //div[@class='header']//img[@alt='logo']was found
18:07:49 INFO  tests.TestBase - The end of test--->findYourCarPositive3
18:07:49 INFO  tests.TestBase - Start test--->searchTestYear
18:07:49 INFO  manager.MyListener - Start searching element by locator-->By.xpath: //input[@id='city']
18:07:49 INFO  manager.MyListener - The element with locator-->By.xpath: //input[@id='city']was found
18:07:50 INFO  manager.MyListener - Start searching element by locator-->By.cssSelector: div.pac-item
18:07:50 INFO  manager.MyListener - The element with locator-->By.cssSelector: div.pac-itemwas found
18:07:51 INFO  manager.MyListener - Start searching element by locator-->By.xpath: (//input[@id='dates'])[1]
18:07:51 INFO  manager.MyListener - The element with locator-->By.xpath: (//input[@id='dates'])[1]was found
18:07:51 INFO  manager.MyListener - Start searching element by locator-->By.xpath: //div[.=' 12 ']
18:07:51 INFO  manager.MyListener - The element with locator-->By.xpath: //div[.=' 12 ']was found
18:07:51 INFO  manager.MyListener - Start searching element by locator-->By.xpath: //button[@aria-label='Next month']
18:07:51 INFO  manager.MyListener - The element with locator-->By.xpath: //button[@aria-label='Next month']was found
18:07:51 INFO  manager.MyListener - Start searching element by locator-->By.xpath: //button[@aria-label='Next month']
18:07:51 INFO  manager.MyListener - The element with locator-->By.xpath: //button[@aria-label='Next month']was found
18:07:51 INFO  manager.MyListener - Start searching element by locator-->By.xpath: //button[@aria-label='Next month']
18:07:51 INFO  manager.MyListener - The element with locator-->By.xpath: //button[@aria-label='Next month']was found
18:07:51 INFO  manager.MyListener - Start searching element by locator-->By.xpath: //button[@aria-label='Next month']
18:07:51 INFO  manager.MyListener - The element with locator-->By.xpath: //button[@aria-label='Next month']was found
18:07:51 INFO  manager.MyListener - Start searching element by locator-->By.xpath: //button[@aria-label='Next month']
18:07:51 INFO  manager.MyListener - The element with locator-->By.xpath: //button[@aria-label='Next month']was found
18:07:51 INFO  manager.MyListener - Start searching element by locator-->By.xpath: //button[@aria-label='Next month']
18:07:51 INFO  manager.MyListener - The element with locator-->By.xpath: //button[@aria-label='Next month']was found
18:07:51 INFO  manager.MyListener - Start searching element by locator-->By.xpath: //div[.=' 6 ']
18:07:51 INFO  manager.MyListener - The element with locator-->By.xpath: //div[.=' 6 ']was found
18:07:56 INFO  manager.MyListener - Start searching element by locator-->By.xpath: //div[@class='header']//img[@alt='logo']
18:07:56 INFO  manager.MyListener - The element with locator-->By.xpath: //div[@class='header']//img[@alt='logo']was found
18:07:57 INFO  tests.TestBase - The end of test--->searchTestYear
18:07:57 INFO  tests.TestBase - Start test--->searchTests
18:07:57 INFO  manager.MyListener - Start searching element by locator-->By.xpath: //input[@id='city']
18:07:57 INFO  manager.MyListener - The element with locator-->By.xpath: //input[@id='city']was found
18:07:57 INFO  manager.MyListener - Start searching element by locator-->By.cssSelector: div.pac-item
18:07:57 INFO  manager.MyListener - The element with locator-->By.cssSelector: div.pac-itemwas found
18:07:58 INFO  manager.MyListener - Start searching element by locator-->By.xpath: (//input[@id='dates'])[1]
18:07:58 INFO  manager.MyListener - The element with locator-->By.xpath: (//input[@id='dates'])[1]was found
18:07:58 INFO  manager.MyListener - Start searching element by locator-->By.xpath: //div[.=' 15 ']
18:07:58 INFO  manager.MyListener - The element with locator-->By.xpath: //div[.=' 15 ']was found
18:07:58 INFO  manager.MyListener - Start searching element by locator-->By.xpath: //button[@aria-label='Next month']
18:07:58 INFO  manager.MyListener - The element with locator-->By.xpath: //button[@aria-label='Next month']was found
18:07:58 INFO  manager.MyListener - Start searching element by locator-->By.xpath: //button[@aria-label='Next month']
18:07:58 INFO  manager.MyListener - The element with locator-->By.xpath: //button[@aria-label='Next month']was found
18:07:58 INFO  manager.MyListener - Start searching element by locator-->By.xpath: //button[@aria-label='Next month']
18:07:58 INFO  manager.MyListener - The element with locator-->By.xpath: //button[@aria-label='Next month']was found
18:07:58 INFO  manager.MyListener - Start searching element by locator-->By.xpath: //div[.=' 10 ']
18:07:58 INFO  manager.MyListener - The element with locator-->By.xpath: //div[.=' 10 ']was found
18:07:58 INFO  manager.MyListener - Start searching element by locator-->By.xpath: //button[@type='submit']
18:07:58 INFO  manager.MyListener - The element with locator-->By.xpath: //button[@type='submit']was found
18:07:58 INFO  manager.MyListener - Start searching element by locator-->By.cssSelector: .car-img-container.ng-star-inserted
18:07:59 INFO  manager.MyListener - The element with locator-->By.cssSelector: .car-img-container.ng-star-insertedwas found
18:07:59 INFO  manager.MyListener - Start searching element by locator-->By.xpath: //div[@class='header']//img[@alt='logo']
18:07:59 INFO  manager.MyListener - The element with locator-->By.xpath: //div[@class='header']//img[@alt='logo']was found
18:08:00 INFO  tests.TestBase - The end of test--->searchTests
]]></system-out>
  <system-err><![CDATA[]]></system-err>
</testsuite>
