<?xml version="1.0" encoding="UTF-8"?>
<testsuite name="tests.FindYourCar" tests="5" skipped="0" failures="0" errors="0" timestamp="2021-11-27T16:41:52" hostname="LAPTOP-44JBEN25" time="19.707">
  <properties/>
  <testcase name="findYourCarPositive" classname="tests.FindYourCar" time="3.064"/>
  <testcase name="findYourCarPositive2" classname="tests.FindYourCar" time="2.693"/>
  <testcase name="findYourCarPositive3" classname="tests.FindYourCar" time="2.763"/>
  <testcase name="searchTestYear" classname="tests.FindYourCar" time="6.922"/>
  <testcase name="searchTests" classname="tests.FindYourCar" time="3.484"/>
  <system-out><![CDATA[18:41:52 INFO  tests.TestBase - Start test--->findYourCarPositive
18:41:52 INFO  manager.MyListener - Start searching element by locator-->By.xpath: //input[@id='city']
18:41:52 INFO  manager.MyListener - The element with locator-->By.xpath: //input[@id='city']was found
18:41:52 INFO  manager.MyListener - Start searching element by locator-->By.cssSelector: div.pac-item
18:41:53 INFO  manager.MyListener - The element with locator-->By.cssSelector: div.pac-itemwas found
18:41:54 INFO  manager.MyListener - Start searching element by locator-->By.xpath: (//input[@id='dates'])[1]
18:41:54 INFO  manager.MyListener - The element with locator-->By.xpath: (//input[@id='dates'])[1]was found
18:41:54 INFO  manager.MyListener - Start searching element by locator-->By.xpath: //button[@type='submit']
18:41:54 INFO  manager.MyListener - The element with locator-->By.xpath: //button[@type='submit']was found
18:41:54 INFO  manager.MyListener - Start searching element by locator-->By.cssSelector: .car-img-container.ng-star-inserted
18:41:55 INFO  manager.MyListener - The element with locator-->By.cssSelector: .car-img-container.ng-star-insertedwas found
18:41:55 INFO  manager.MyListener - Start searching element by locator-->By.xpath: //div[@class='header']//img[@alt='logo']
18:41:55 INFO  manager.MyListener - The element with locator-->By.xpath: //div[@class='header']//img[@alt='logo']was found
18:41:55 INFO  tests.TestBase - The end of test--->findYourCarPositive
18:41:56 INFO  tests.TestBase - Start test--->findYourCarPositive2
18:41:56 INFO  manager.MyListener - Start searching element by locator-->By.xpath: //input[@id='city']
18:41:56 INFO  manager.MyListener - The element with locator-->By.xpath: //input[@id='city']was found
18:41:56 INFO  manager.MyListener - Start searching element by locator-->By.cssSelector: div.pac-item
18:41:56 INFO  manager.MyListener - The element with locator-->By.cssSelector: div.pac-itemwas found
18:41:57 INFO  manager.MyListener - Start searching element by locator-->By.xpath: (//input[@id='dates'])[1]
18:41:57 INFO  manager.MyListener - The element with locator-->By.xpath: (//input[@id='dates'])[1]was found
18:41:57 INFO  manager.MyListener - Start searching element by locator-->By.xpath: //div[text()= 28 ]
18:41:57 INFO  manager.MyListener - The element with locator-->By.xpath: //div[text()= 28 ]was found
18:41:57 INFO  manager.MyListener - Start searching element by locator-->By.xpath: //div[text()= 30 ]
18:41:57 INFO  manager.MyListener - The element with locator-->By.xpath: //div[text()= 30 ]was found
18:41:57 INFO  manager.MyListener - Start searching element by locator-->By.xpath: //button[@type='submit']
18:41:57 INFO  manager.MyListener - The element with locator-->By.xpath: //button[@type='submit']was found
18:41:57 INFO  manager.MyListener - Start searching element by locator-->By.cssSelector: .car-img-container.ng-star-inserted
18:41:58 INFO  manager.MyListener - The element with locator-->By.cssSelector: .car-img-container.ng-star-insertedwas found
18:41:58 INFO  manager.MyListener - Start searching element by locator-->By.xpath: //div[@class='header']//img[@alt='logo']
18:41:58 INFO  manager.MyListener - The element with locator-->By.xpath: //div[@class='header']//img[@alt='logo']was found
18:41:58 INFO  tests.TestBase - The end of test--->findYourCarPositive2
18:41:58 INFO  tests.TestBase - Start test--->findYourCarPositive3
18:41:58 INFO  manager.MyListener - Start searching element by locator-->By.xpath: //input[@id='city']
18:41:58 INFO  manager.MyListener - The element with locator-->By.xpath: //input[@id='city']was found
18:41:59 INFO  manager.MyListener - Start searching element by locator-->By.cssSelector: div.pac-item
18:41:59 INFO  manager.MyListener - The element with locator-->By.cssSelector: div.pac-itemwas found
18:42:00 INFO  manager.MyListener - Start searching element by locator-->By.xpath: (//input[@id='dates'])[1]
18:42:00 INFO  manager.MyListener - The element with locator-->By.xpath: (//input[@id='dates'])[1]was found
18:42:00 INFO  manager.MyListener - Start searching element by locator-->By.xpath: //div[text()= 28 ]
18:42:00 INFO  manager.MyListener - The element with locator-->By.xpath: //div[text()= 28 ]was found
18:42:00 INFO  manager.MyListener - Start searching element by locator-->By.xpath: //div[text()= 30 ]
18:42:00 INFO  manager.MyListener - The element with locator-->By.xpath: //div[text()= 30 ]was found
18:42:00 INFO  manager.MyListener - Start searching element by locator-->By.xpath: //button[@type='submit']
18:42:00 INFO  manager.MyListener - The element with locator-->By.xpath: //button[@type='submit']was found
18:42:00 INFO  manager.MyListener - Start searching element by locator-->By.cssSelector: .car-img-container.ng-star-inserted
18:42:01 INFO  manager.MyListener - The element with locator-->By.cssSelector: .car-img-container.ng-star-insertedwas found
18:42:01 INFO  manager.MyListener - Start searching element by locator-->By.xpath: //div[@class='header']//img[@alt='logo']
18:42:01 INFO  manager.MyListener - The element with locator-->By.xpath: //div[@class='header']//img[@alt='logo']was found
18:42:01 INFO  tests.TestBase - The end of test--->findYourCarPositive3
18:42:01 INFO  tests.TestBase - Start test--->searchTestYear
18:42:01 INFO  manager.MyListener - Start searching element by locator-->By.xpath: //input[@id='city']
18:42:01 INFO  manager.MyListener - The element with locator-->By.xpath: //input[@id='city']was found
18:42:02 INFO  manager.MyListener - Start searching element by locator-->By.cssSelector: div.pac-item
18:42:02 INFO  manager.MyListener - The element with locator-->By.cssSelector: div.pac-itemwas found
18:42:03 INFO  manager.MyListener - Start searching element by locator-->By.xpath: (//input[@id='dates'])[1]
18:42:03 INFO  manager.MyListener - The element with locator-->By.xpath: (//input[@id='dates'])[1]was found
18:42:03 INFO  manager.MyListener - Start searching element by locator-->By.xpath: //button[@aria-label='Next month']
18:42:03 INFO  manager.MyListener - The element with locator-->By.xpath: //button[@aria-label='Next month']was found
18:42:03 INFO  manager.MyListener - Start searching element by locator-->By.xpath: //div[.=' 12 ']
18:42:03 INFO  manager.MyListener - The element with locator-->By.xpath: //div[.=' 12 ']was found
18:42:03 INFO  manager.MyListener - Start searching element by locator-->By.xpath: //button[@aria-label='Next month']
18:42:03 INFO  manager.MyListener - The element with locator-->By.xpath: //button[@aria-label='Next month']was found
18:42:03 INFO  manager.MyListener - Start searching element by locator-->By.xpath: //button[@aria-label='Next month']
18:42:03 INFO  manager.MyListener - The element with locator-->By.xpath: //button[@aria-label='Next month']was found
18:42:03 INFO  manager.MyListener - Start searching element by locator-->By.xpath: //button[@aria-label='Next month']
18:42:03 INFO  manager.MyListener - The element with locator-->By.xpath: //button[@aria-label='Next month']was found
18:42:03 INFO  manager.MyListener - Start searching element by locator-->By.xpath: //button[@aria-label='Next month']
18:42:03 INFO  manager.MyListener - The element with locator-->By.xpath: //button[@aria-label='Next month']was found
18:42:03 INFO  manager.MyListener - Start searching element by locator-->By.xpath: //button[@aria-label='Next month']
18:42:03 INFO  manager.MyListener - The element with locator-->By.xpath: //button[@aria-label='Next month']was found
18:42:03 INFO  manager.MyListener - Start searching element by locator-->By.xpath: //button[@aria-label='Next month']
18:42:03 INFO  manager.MyListener - The element with locator-->By.xpath: //button[@aria-label='Next month']was found
18:42:03 INFO  manager.MyListener - Start searching element by locator-->By.xpath: //div[.=' 6 ']
18:42:03 INFO  manager.MyListener - The element with locator-->By.xpath: //div[.=' 6 ']was found
18:42:08 INFO  manager.MyListener - Start searching element by locator-->By.xpath: //div[@class='header']//img[@alt='logo']
18:42:08 INFO  manager.MyListener - The element with locator-->By.xpath: //div[@class='header']//img[@alt='logo']was found
18:42:08 INFO  tests.TestBase - The end of test--->searchTestYear
18:42:08 INFO  tests.TestBase - Start test--->searchTests
18:42:08 INFO  manager.MyListener - Start searching element by locator-->By.xpath: //input[@id='city']
18:42:08 INFO  manager.MyListener - The element with locator-->By.xpath: //input[@id='city']was found
18:42:09 INFO  manager.MyListener - Start searching element by locator-->By.cssSelector: div.pac-item
18:42:09 INFO  manager.MyListener - The element with locator-->By.cssSelector: div.pac-itemwas found
18:42:10 INFO  manager.MyListener - Start searching element by locator-->By.xpath: (//input[@id='dates'])[1]
18:42:10 INFO  manager.MyListener - The element with locator-->By.xpath: (//input[@id='dates'])[1]was found
18:42:10 INFO  manager.MyListener - Start searching element by locator-->By.xpath: //button[@aria-label='Next month']
18:42:10 INFO  manager.MyListener - The element with locator-->By.xpath: //button[@aria-label='Next month']was found
18:42:10 INFO  manager.MyListener - Start searching element by locator-->By.xpath: //div[.=' 15 ']
18:42:10 INFO  manager.MyListener - The element with locator-->By.xpath: //div[.=' 15 ']was found
18:42:10 INFO  manager.MyListener - Start searching element by locator-->By.xpath: //button[@aria-label='Next month']
18:42:10 INFO  manager.MyListener - The element with locator-->By.xpath: //button[@aria-label='Next month']was found
18:42:10 INFO  manager.MyListener - Start searching element by locator-->By.xpath: //button[@aria-label='Next month']
18:42:10 INFO  manager.MyListener - The element with locator-->By.xpath: //button[@aria-label='Next month']was found
18:42:10 INFO  manager.MyListener - Start searching element by locator-->By.xpath: //button[@aria-label='Next month']
18:42:10 INFO  manager.MyListener - The element with locator-->By.xpath: //button[@aria-label='Next month']was found
18:42:10 INFO  manager.MyListener - Start searching element by locator-->By.xpath: //div[.=' 10 ']
18:42:10 INFO  manager.MyListener - The element with locator-->By.xpath: //div[.=' 10 ']was found
18:42:10 INFO  manager.MyListener - Start searching element by locator-->By.xpath: //button[@type='submit']
18:42:10 INFO  manager.MyListener - The element with locator-->By.xpath: //button[@type='submit']was found
18:42:10 INFO  manager.MyListener - Start searching element by locator-->By.cssSelector: .car-img-container.ng-star-inserted
18:42:12 INFO  manager.MyListener - The element with locator-->By.cssSelector: .car-img-container.ng-star-insertedwas found
18:42:12 INFO  manager.MyListener - Start searching element by locator-->By.xpath: //div[@class='header']//img[@alt='logo']
18:42:12 INFO  manager.MyListener - The element with locator-->By.xpath: //div[@class='header']//img[@alt='logo']was found
18:42:12 INFO  tests.TestBase - The end of test--->searchTests
]]></system-out>
  <system-err><![CDATA[]]></system-err>
</testsuite>
