<?xml version="1.0" encoding="UTF-8"?>
<testsuite name="tests.LoginTests" tests="1" skipped="0" failures="0" errors="0" timestamp="2021-12-03T17:24:37" hostname="LAPTOP-44JBEN25" time="16.373">
  <properties/>
  <testcase name="wrongPass" classname="tests.LoginTests" time="16.373"/>
  <system-out><![CDATA[19:24:22 INFO  tests.TestBase - Start test--->wrongPass
19:24:22 INFO  manager.MyListener - Start searching element by locator-->By.xpath: //a[@href="/logout?url=%2Fsearch"]
19:24:37 INFO  manager.MyListener - The element with locator-->By.xpath: //a[@href="/logout?url=%2Fsearch"]was found
19:24:37 INFO  tests.TestBase - Test Login Negative wrong password starts with email-->goodwin49@mail.ru
19:24:37 INFO  tests.TestBase - Test Login Negative wrong password starts with password-->ar12345
19:24:37 INFO  manager.MyListener - Start searching element by locator-->By.xpath: //div[@class='header']/a[6]
19:24:37 INFO  manager.MyListener - The element with locator-->By.xpath: //div[@class='header']/a[6]was found
19:24:37 INFO  manager.MyListener - Start searching element by locator-->By.xpath: //input[@autocomplete='username']
19:24:37 INFO  manager.MyListener - The element with locator-->By.xpath: //input[@autocomplete='username']was found
19:24:37 INFO  manager.MyListener - Start searching element by locator-->By.xpath: //input[@autocomplete='current-password']
19:24:37 INFO  manager.MyListener - The element with locator-->By.xpath: //input[@autocomplete='current-password']was found
19:24:37 INFO  manager.MyListener - Start searching element by locator-->By.xpath: //button[@type='submit']
19:24:37 INFO  manager.MyListener - The element with locator-->By.xpath: //button[@type='submit']was found
19:24:37 INFO  manager.MyListener - Start searching element by locator-->By.xpath: //mat-dialog-container
19:24:38 INFO  manager.MyListener - The element with locator-->By.xpath: //mat-dialog-containerwas found
19:24:38 INFO  manager.MyListener - Start searching element by locator-->By.xpath: //mat-dialog-container//h2
19:24:38 INFO  manager.MyListener - The element with locator-->By.xpath: //mat-dialog-container//h2was found
19:24:38 INFO  manager.MyListener - Start searching element by locator-->By.xpath: //a[@href="/logout?url=%2Fsearch"]
19:24:53 INFO  manager.MyListener - The element with locator-->By.xpath: //a[@href="/logout?url=%2Fsearch"]was found
19:24:53 INFO  manager.MyListener - Start searching element by locator-->By.xpath: //button[text()='Ok']
19:24:53 INFO  manager.MyListener - The element with locator-->By.xpath: //button[text()='Ok']was found
19:24:53 INFO  manager.MyListener - Start searching element by locator-->By.xpath: //button[text()='Ok']
19:24:53 INFO  manager.MyListener - The element with locator-->By.xpath: //button[text()='Ok']was found
19:24:53 INFO  tests.TestBase - The end of test--->wrongPass
]]></system-out>
  <system-err><![CDATA[]]></system-err>
</testsuite>
