<?xml version="1.0" encoding="UTF-8"?>
<testsuite name="tests.RegistrationTest" tests="1" skipped="0" failures="0" errors="0" timestamp="2021-12-03T18:19:20" hostname="LAPTOP-44JBEN25" time="1.602">
  <properties/>
  <testcase name="regTestPositive[0](User{email='aspep@gmail.com', password='Ww13456@', name='Sonya', lastname='Shu'})" classname="tests.RegistrationTest" time="1.602"/>
  <system-out><![CDATA[20:19:05 INFO  tests.TestBase - Start test--->regTestPositive
20:19:05 INFO  manager.MyListener - Start searching element by locator-->By.xpath: //a[@href="/logout?url=%2Fsearch"]
20:19:20 INFO  manager.MyListener - The element with locator-->By.xpath: //a[@href="/logout?url=%2Fsearch"]was found
20:19:20 INFO  tests.TestBase - Test Registration Positive starts with email--->aspep@gmail.com
20:19:20 INFO  tests.TestBase - Test Registration Positive starts with password--->Ww13456@
20:19:20 INFO  tests.TestBase - Test Registration Positive starts with name--->Sonya
20:19:20 INFO  tests.TestBase - Test Registration Positive starts with lastname--->Shu
20:19:20 INFO  manager.MyListener - Start searching element by locator-->By.xpath: //a[@href='/registration?url=%2Fsearch']
20:19:20 INFO  manager.MyListener - The element with locator-->By.xpath: //a[@href='/registration?url=%2Fsearch']was found
20:19:20 INFO  manager.MyListener - Start searching element by locator-->By.xpath: //input[@autocomplete='name']
20:19:20 INFO  manager.MyListener - The element with locator-->By.xpath: //input[@autocomplete='name']was found
20:19:20 INFO  manager.MyListener - Start searching element by locator-->By.xpath: //input[@autocomplete='family-name']
20:19:20 INFO  manager.MyListener - The element with locator-->By.xpath: //input[@autocomplete='family-name']was found
20:19:20 INFO  manager.MyListener - Start searching element by locator-->By.xpath: //input[@autocomplete='email']
20:19:20 INFO  manager.MyListener - The element with locator-->By.xpath: //input[@autocomplete='email']was found
20:19:20 INFO  manager.MyListener - Start searching element by locator-->By.xpath: //input[@autocomplete='new-password']
20:19:20 INFO  manager.MyListener - The element with locator-->By.xpath: //input[@autocomplete='new-password']was found
20:19:20 INFO  manager.MyListener - Start searching element by locator-->By.xpath: //button[@type='submit']
20:19:20 INFO  manager.MyListener - The element with locator-->By.xpath: //button[@type='submit']was found
20:19:21 INFO  manager.MyListener - Start searching element by locator-->By.xpath: //h2[text()='You are logged in success']
20:19:21 INFO  manager.MyListener - The element with locator-->By.xpath: //h2[text()='You are logged in success']was found
20:19:21 INFO  manager.MyListener - Start searching element by locator-->By.xpath: //h2[text()='You are logged in success']
20:19:21 INFO  manager.MyListener - The element with locator-->By.xpath: //h2[text()='You are logged in success']was found
20:19:21 INFO  manager.MyListener - Start searching element by locator-->By.xpath: //button[text()='Ok']
20:19:21 INFO  manager.MyListener - The element with locator-->By.xpath: //button[text()='Ok']was found
20:19:21 INFO  manager.MyListener - Start searching element by locator-->By.xpath: //button[text()='Ok']
20:19:21 INFO  manager.MyListener - The element with locator-->By.xpath: //button[text()='Ok']was found
20:19:22 INFO  tests.TestBase - The end of test--->regTestPositive
]]></system-out>
  <system-err><![CDATA[]]></system-err>
</testsuite>
