<?xml version="1.0" encoding="UTF-8"?>
<testsuite name="tests.LoginTests" tests="7" skipped="0" failures="0" errors="0" timestamp="2021-12-03T18:17:49" hostname="LAPTOP-44JBEN25" time="76.14">
  <properties/>
  <testcase name="test[0](goodwin49@mail.ru, Car12345)" classname="tests.LoginTests" time="2.62"/>
  <testcase name="test[1](goodwin49@mail.ru, Car12345)" classname="tests.LoginTests" time="2.572"/>
  <testcase name="test[2](goodwin49@mail.ru, Car12345)" classname="tests.LoginTests" time="2.513"/>
  <testcase name="test2[0](User{email='goodwin49@mail.ru', password='Car12345', name='null', lastname='null'})" classname="tests.LoginTests" time="2.568"/>
  <testcase name="test2[1](User{email='goodwin49@mail.ru', password='Car12345', name='null', lastname='null'})" classname="tests.LoginTests" time="2.504"/>
  <testcase name="wrongEmail" classname="tests.LoginTests" time="15.488"/>
  <testcase name="wrongPass" classname="tests.LoginTests" time="16.837"/>
  <system-out><![CDATA[20:17:33 INFO  tests.TestBase - Start test--->test
20:17:33 INFO  manager.MyListener - Start searching element by locator-->By.xpath: //a[@href="/logout?url=%2Fsearch"]
20:17:49 INFO  manager.MyListener - The element with locator-->By.xpath: //a[@href="/logout?url=%2Fsearch"]was found
20:17:49 INFO  manager.MyListener - Start searching element by locator-->By.xpath: //div[@class='header']/a[6]
20:17:49 INFO  manager.MyListener - The element with locator-->By.xpath: //div[@class='header']/a[6]was found
20:17:49 INFO  manager.MyListener - Start searching element by locator-->By.xpath: //input[@autocomplete='username']
20:17:49 INFO  manager.MyListener - The element with locator-->By.xpath: //input[@autocomplete='username']was found
20:17:49 INFO  manager.MyListener - Start searching element by locator-->By.xpath: //input[@autocomplete='current-password']
20:17:49 INFO  manager.MyListener - The element with locator-->By.xpath: //input[@autocomplete='current-password']was found
20:17:49 INFO  manager.MyListener - Start searching element by locator-->By.xpath: //button[@type='submit']
20:17:49 INFO  manager.MyListener - The element with locator-->By.xpath: //button[@type='submit']was found
20:17:51 INFO  manager.MyListener - Start searching element by locator-->By.cssSelector: .dialog-container
20:17:51 INFO  manager.MyListener - The element with locator-->By.cssSelector: .dialog-containerwas found
20:17:51 INFO  manager.MyListener - Start searching element by locator-->By.cssSelector: .dialog-container h2
20:17:51 INFO  manager.MyListener - The element with locator-->By.cssSelector: .dialog-container h2was found
20:17:51 INFO  manager.MyListener - Start searching element by locator-->By.xpath: //button[text()='Ok']
20:17:51 INFO  manager.MyListener - The element with locator-->By.xpath: //button[text()='Ok']was found
20:17:51 INFO  manager.MyListener - Start searching element by locator-->By.xpath: //button[text()='Ok']
20:17:51 INFO  manager.MyListener - The element with locator-->By.xpath: //button[text()='Ok']was found
20:17:51 INFO  tests.TestBase - The end of test--->test
20:17:51 INFO  tests.TestBase - Start test--->test
20:17:51 INFO  manager.MyListener - Start searching element by locator-->By.xpath: //a[@href="/logout?url=%2Fsearch"]
20:17:51 INFO  manager.MyListener - The element with locator-->By.xpath: //a[@href="/logout?url=%2Fsearch"]was found
20:17:51 INFO  manager.MyListener - Start searching element by locator-->By.xpath: //a[@href="/logout?url=%2Fsearch"]
20:17:51 INFO  manager.MyListener - The element with locator-->By.xpath: //a[@href="/logout?url=%2Fsearch"]was found
20:17:51 INFO  manager.MyListener - Start searching element by locator-->By.xpath: //div[@class='header']/a[6]
20:17:51 INFO  manager.MyListener - The element with locator-->By.xpath: //div[@class='header']/a[6]was found
20:17:51 INFO  manager.MyListener - Start searching element by locator-->By.xpath: //input[@autocomplete='username']
20:17:51 INFO  manager.MyListener - The element with locator-->By.xpath: //input[@autocomplete='username']was found
20:17:52 INFO  manager.MyListener - Start searching element by locator-->By.xpath: //input[@autocomplete='current-password']
20:17:52 INFO  manager.MyListener - The element with locator-->By.xpath: //input[@autocomplete='current-password']was found
20:17:52 INFO  manager.MyListener - Start searching element by locator-->By.xpath: //button[@type='submit']
20:17:52 INFO  manager.MyListener - The element with locator-->By.xpath: //button[@type='submit']was found
20:17:54 INFO  manager.MyListener - Start searching element by locator-->By.cssSelector: .dialog-container
20:17:54 INFO  manager.MyListener - The element with locator-->By.cssSelector: .dialog-containerwas found
20:17:54 INFO  manager.MyListener - Start searching element by locator-->By.cssSelector: .dialog-container h2
20:17:54 INFO  manager.MyListener - The element with locator-->By.cssSelector: .dialog-container h2was found
20:17:54 INFO  manager.MyListener - Start searching element by locator-->By.xpath: //button[text()='Ok']
20:17:54 INFO  manager.MyListener - The element with locator-->By.xpath: //button[text()='Ok']was found
20:17:54 INFO  manager.MyListener - Start searching element by locator-->By.xpath: //button[text()='Ok']
20:17:54 INFO  manager.MyListener - The element with locator-->By.xpath: //button[text()='Ok']was found
20:17:54 INFO  tests.TestBase - The end of test--->test
20:17:54 INFO  tests.TestBase - Start test--->test
20:17:54 INFO  manager.MyListener - Start searching element by locator-->By.xpath: //a[@href="/logout?url=%2Fsearch"]
20:17:54 INFO  manager.MyListener - The element with locator-->By.xpath: //a[@href="/logout?url=%2Fsearch"]was found
20:17:54 INFO  manager.MyListener - Start searching element by locator-->By.xpath: //a[@href="/logout?url=%2Fsearch"]
20:17:54 INFO  manager.MyListener - The element with locator-->By.xpath: //a[@href="/logout?url=%2Fsearch"]was found
20:17:54 INFO  manager.MyListener - Start searching element by locator-->By.xpath: //div[@class='header']/a[6]
20:17:54 INFO  manager.MyListener - The element with locator-->By.xpath: //div[@class='header']/a[6]was found
20:17:54 INFO  manager.MyListener - Start searching element by locator-->By.xpath: //input[@autocomplete='username']
20:17:54 INFO  manager.MyListener - The element with locator-->By.xpath: //input[@autocomplete='username']was found
20:17:54 INFO  manager.MyListener - Start searching element by locator-->By.xpath: //input[@autocomplete='current-password']
20:17:54 INFO  manager.MyListener - The element with locator-->By.xpath: //input[@autocomplete='current-password']was found
20:17:54 INFO  manager.MyListener - Start searching element by locator-->By.xpath: //button[@type='submit']
20:17:54 INFO  manager.MyListener - The element with locator-->By.xpath: //button[@type='submit']was found
20:17:56 INFO  manager.MyListener - Start searching element by locator-->By.cssSelector: .dialog-container
20:17:57 INFO  manager.MyListener - The element with locator-->By.cssSelector: .dialog-containerwas found
20:17:57 INFO  manager.MyListener - Start searching element by locator-->By.cssSelector: .dialog-container h2
20:17:57 INFO  manager.MyListener - The element with locator-->By.cssSelector: .dialog-container h2was found
20:17:57 INFO  manager.MyListener - Start searching element by locator-->By.xpath: //button[text()='Ok']
20:17:57 INFO  manager.MyListener - The element with locator-->By.xpath: //button[text()='Ok']was found
20:17:57 INFO  manager.MyListener - Start searching element by locator-->By.xpath: //button[text()='Ok']
20:17:57 INFO  manager.MyListener - The element with locator-->By.xpath: //button[text()='Ok']was found
20:17:57 INFO  tests.TestBase - The end of test--->test
20:17:57 INFO  tests.TestBase - Start test--->test2
20:17:57 INFO  manager.MyListener - Start searching element by locator-->By.xpath: //a[@href="/logout?url=%2Fsearch"]
20:17:57 INFO  manager.MyListener - The element with locator-->By.xpath: //a[@href="/logout?url=%2Fsearch"]was found
20:17:57 INFO  manager.MyListener - Start searching element by locator-->By.xpath: //a[@href="/logout?url=%2Fsearch"]
20:17:57 INFO  manager.MyListener - The element with locator-->By.xpath: //a[@href="/logout?url=%2Fsearch"]was found
20:17:57 INFO  tests.TestBase - Test Login Positive starts with email-->goodwin49@mail.ru
20:17:57 INFO  tests.TestBase - Test Login Positive starts with password-->Car12345
20:17:57 INFO  manager.MyListener - Start searching element by locator-->By.xpath: //div[@class='header']/a[6]
20:17:57 INFO  manager.MyListener - The element with locator-->By.xpath: //div[@class='header']/a[6]was found
20:17:57 INFO  manager.MyListener - Start searching element by locator-->By.xpath: //input[@autocomplete='username']
20:17:57 INFO  manager.MyListener - The element with locator-->By.xpath: //input[@autocomplete='username']was found
20:17:57 INFO  manager.MyListener - Start searching element by locator-->By.xpath: //input[@autocomplete='current-password']
20:17:57 INFO  manager.MyListener - The element with locator-->By.xpath: //input[@autocomplete='current-password']was found
20:17:57 INFO  manager.MyListener - Start searching element by locator-->By.xpath: //button[@type='submit']
20:17:57 INFO  manager.MyListener - The element with locator-->By.xpath: //button[@type='submit']was found
20:17:59 INFO  manager.MyListener - Start searching element by locator-->By.cssSelector: .dialog-container
20:17:59 INFO  manager.MyListener - The element with locator-->By.cssSelector: .dialog-containerwas found
20:17:59 INFO  manager.MyListener - Start searching element by locator-->By.cssSelector: .dialog-container h2
20:17:59 INFO  manager.MyListener - The element with locator-->By.cssSelector: .dialog-container h2was found
20:17:59 INFO  manager.MyListener - Start searching element by locator-->By.xpath: //button[text()='Ok']
20:17:59 INFO  manager.MyListener - The element with locator-->By.xpath: //button[text()='Ok']was found
20:17:59 INFO  manager.MyListener - Start searching element by locator-->By.xpath: //button[text()='Ok']
20:17:59 INFO  manager.MyListener - The element with locator-->By.xpath: //button[text()='Ok']was found
20:17:59 INFO  tests.TestBase - The end of test--->test2
20:17:59 INFO  tests.TestBase - Start test--->test2
20:17:59 INFO  manager.MyListener - Start searching element by locator-->By.xpath: //a[@href="/logout?url=%2Fsearch"]
20:17:59 INFO  manager.MyListener - The element with locator-->By.xpath: //a[@href="/logout?url=%2Fsearch"]was found
20:17:59 INFO  manager.MyListener - Start searching element by locator-->By.xpath: //a[@href="/logout?url=%2Fsearch"]
20:17:59 INFO  manager.MyListener - The element with locator-->By.xpath: //a[@href="/logout?url=%2Fsearch"]was found
20:18:00 INFO  tests.TestBase - Test Login Positive starts with email-->goodwin49@mail.ru
20:18:00 INFO  tests.TestBase - Test Login Positive starts with password-->Car12345
20:18:00 INFO  manager.MyListener - Start searching element by locator-->By.xpath: //div[@class='header']/a[6]
20:18:00 INFO  manager.MyListener - The element with locator-->By.xpath: //div[@class='header']/a[6]was found
20:18:00 INFO  manager.MyListener - Start searching element by locator-->By.xpath: //input[@autocomplete='username']
20:18:00 INFO  manager.MyListener - The element with locator-->By.xpath: //input[@autocomplete='username']was found
20:18:00 INFO  manager.MyListener - Start searching element by locator-->By.xpath: //input[@autocomplete='current-password']
20:18:00 INFO  manager.MyListener - The element with locator-->By.xpath: //input[@autocomplete='current-password']was found
20:18:00 INFO  manager.MyListener - Start searching element by locator-->By.xpath: //button[@type='submit']
20:18:00 INFO  manager.MyListener - The element with locator-->By.xpath: //button[@type='submit']was found
20:18:02 INFO  manager.MyListener - Start searching element by locator-->By.cssSelector: .dialog-container
20:18:02 INFO  manager.MyListener - The element with locator-->By.cssSelector: .dialog-containerwas found
20:18:02 INFO  manager.MyListener - Start searching element by locator-->By.cssSelector: .dialog-container h2
20:18:02 INFO  manager.MyListener - The element with locator-->By.cssSelector: .dialog-container h2was found
20:18:02 INFO  manager.MyListener - Start searching element by locator-->By.xpath: //button[text()='Ok']
20:18:02 INFO  manager.MyListener - The element with locator-->By.xpath: //button[text()='Ok']was found
20:18:02 INFO  manager.MyListener - Start searching element by locator-->By.xpath: //button[text()='Ok']
20:18:02 INFO  manager.MyListener - The element with locator-->By.xpath: //button[text()='Ok']was found
20:18:02 INFO  tests.TestBase - The end of test--->test2
20:18:02 INFO  tests.TestBase - Start test--->wrongEmail
20:18:02 INFO  manager.MyListener - Start searching element by locator-->By.xpath: //a[@href="/logout?url=%2Fsearch"]
20:18:02 INFO  manager.MyListener - The element with locator-->By.xpath: //a[@href="/logout?url=%2Fsearch"]was found
20:18:02 INFO  manager.MyListener - Start searching element by locator-->By.xpath: //a[@href="/logout?url=%2Fsearch"]
20:18:02 INFO  manager.MyListener - The element with locator-->By.xpath: //a[@href="/logout?url=%2Fsearch"]was found
20:18:02 INFO  tests.TestBase - Test Login Negative wrong email starts with email-->goodwin49mail.ru
20:18:02 INFO  tests.TestBase - Test Login Negative wrong email starts with password-->Car12345
20:18:02 INFO  manager.MyListener - Start searching element by locator-->By.xpath: //div[@class='header']/a[6]
20:18:02 INFO  manager.MyListener - The element with locator-->By.xpath: //div[@class='header']/a[6]was found
20:18:02 INFO  manager.MyListener - Start searching element by locator-->By.xpath: //input[@autocomplete='username']
20:18:02 INFO  manager.MyListener - The element with locator-->By.xpath: //input[@autocomplete='username']was found
20:18:02 INFO  manager.MyListener - Start searching element by locator-->By.xpath: //input[@autocomplete='current-password']
20:18:02 INFO  manager.MyListener - The element with locator-->By.xpath: //input[@autocomplete='current-password']was found
20:18:03 INFO  manager.MyListener - Start searching element by locator-->By.xpath: //button[@type='submit']
20:18:03 INFO  manager.MyListener - The element with locator-->By.xpath: //button[@type='submit']was found
20:18:03 INFO  manager.MyListener - Start searching element by locator-->By.xpath: //div[contains(text(),"It'snot")]
20:18:03 INFO  manager.MyListener - The element with locator-->By.xpath: //div[contains(text(),"It'snot")]was found
20:18:03 INFO  manager.MyListener - Start searching element by locator-->By.xpath: //a[@href="/logout?url=%2Fsearch"]
20:18:18 INFO  manager.MyListener - The element with locator-->By.xpath: //a[@href="/logout?url=%2Fsearch"]was found
20:18:18 INFO  manager.MyListener - Start searching element by locator-->By.xpath: //button[text()='Ok']
20:18:33 INFO  manager.MyListener - The element with locator-->By.xpath: //button[text()='Ok']was found
20:18:33 INFO  tests.TestBase - The end of test--->wrongEmail
20:18:33 INFO  tests.TestBase - Start test--->wrongPass
20:18:33 INFO  manager.MyListener - Start searching element by locator-->By.xpath: //a[@href="/logout?url=%2Fsearch"]
20:18:48 INFO  manager.MyListener - The element with locator-->By.xpath: //a[@href="/logout?url=%2Fsearch"]was found
20:18:48 INFO  tests.TestBase - Test Login Negative wrong password starts with email-->goodwin49@mail.ru
20:18:48 INFO  tests.TestBase - Test Login Negative wrong password starts with password-->ar12345
20:18:48 INFO  manager.MyListener - Start searching element by locator-->By.xpath: //div[@class='header']/a[6]
20:18:48 INFO  manager.MyListener - The element with locator-->By.xpath: //div[@class='header']/a[6]was found
20:18:48 INFO  manager.MyListener - Start searching element by locator-->By.xpath: //input[@autocomplete='username']
20:18:48 INFO  manager.MyListener - The element with locator-->By.xpath: //input[@autocomplete='username']was found
20:18:48 INFO  manager.MyListener - Start searching element by locator-->By.xpath: //input[@autocomplete='current-password']
20:18:48 INFO  manager.MyListener - The element with locator-->By.xpath: //input[@autocomplete='current-password']was found
20:18:48 INFO  manager.MyListener - Start searching element by locator-->By.xpath: //button[@type='submit']
20:18:48 INFO  manager.MyListener - The element with locator-->By.xpath: //button[@type='submit']was found
20:18:48 INFO  manager.MyListener - Start searching element by locator-->By.xpath: //mat-dialog-container
20:18:50 INFO  manager.MyListener - The element with locator-->By.xpath: //mat-dialog-containerwas found
20:18:50 INFO  manager.MyListener - Start searching element by locator-->By.xpath: //mat-dialog-container//h2
20:18:50 INFO  manager.MyListener - The element with locator-->By.xpath: //mat-dialog-container//h2was found
20:18:50 INFO  manager.MyListener - Start searching element by locator-->By.xpath: //a[@href="/logout?url=%2Fsearch"]
20:19:05 INFO  manager.MyListener - The element with locator-->By.xpath: //a[@href="/logout?url=%2Fsearch"]was found
20:19:05 INFO  manager.MyListener - Start searching element by locator-->By.xpath: //button[text()='Ok']
20:19:05 INFO  manager.MyListener - The element with locator-->By.xpath: //button[text()='Ok']was found
20:19:05 INFO  manager.MyListener - Start searching element by locator-->By.xpath: //button[text()='Ok']
20:19:05 INFO  manager.MyListener - The element with locator-->By.xpath: //button[text()='Ok']was found
20:19:05 INFO  tests.TestBase - The end of test--->wrongPass
]]></system-out>
  <system-err><![CDATA[]]></system-err>
</testsuite>
