<?xml version="1.0" encoding="UTF-8"?>
<testsuite name="tests.LoginTests" tests="7" skipped="0" failures="0" errors="0" timestamp="2021-11-29T19:56:14" hostname="LAPTOP-44JBEN25" time="75.223">
  <properties/>
  <testcase name="test[0](goodwin49@mail.ru, Car12345)" classname="tests.LoginTests" time="2.582"/>
  <testcase name="test[1](goodwin49@mail.ru, Car12345)" classname="tests.LoginTests" time="2.515"/>
  <testcase name="test[2](goodwin49@mail.ru, Car12345)" classname="tests.LoginTests" time="2.491"/>
  <testcase name="test2[0](User{email='goodwin49@mail.ru', password='Car12345', name='null', lastname='null'})" classname="tests.LoginTests" time="2.501"/>
  <testcase name="test2[1](User{email='goodwin49@mail.ru', password='Car12345', name='null', lastname='null'})" classname="tests.LoginTests" time="2.507"/>
  <testcase name="wrongEmail" classname="tests.LoginTests" time="15.498"/>
  <testcase name="wrongPass" classname="tests.LoginTests" time="16.037"/>
  <system-out><![CDATA[21:55:59 INFO  tests.TestBase - Start test--->test
21:55:59 INFO  manager.MyListener - Start searching element by locator-->By.xpath: //a[@href="/logout?url=%2Fsearch"]
21:56:14 INFO  manager.MyListener - The element with locator-->By.xpath: //a[@href="/logout?url=%2Fsearch"]was found
21:56:14 INFO  manager.MyListener - Start searching element by locator-->By.xpath: //div[@class='header']/a[6]
21:56:14 INFO  manager.MyListener - The element with locator-->By.xpath: //div[@class='header']/a[6]was found
21:56:14 INFO  manager.MyListener - Start searching element by locator-->By.xpath: //input[@autocomplete='username']
21:56:14 INFO  manager.MyListener - The element with locator-->By.xpath: //input[@autocomplete='username']was found
21:56:14 INFO  manager.MyListener - Start searching element by locator-->By.xpath: //input[@autocomplete='current-password']
21:56:14 INFO  manager.MyListener - The element with locator-->By.xpath: //input[@autocomplete='current-password']was found
21:56:14 INFO  manager.MyListener - Start searching element by locator-->By.xpath: //button[@type='submit']
21:56:14 INFO  manager.MyListener - The element with locator-->By.xpath: //button[@type='submit']was found
21:56:16 INFO  manager.MyListener - Start searching element by locator-->By.cssSelector: .dialog-container
21:56:16 INFO  manager.MyListener - The element with locator-->By.cssSelector: .dialog-containerwas found
21:56:16 INFO  manager.MyListener - Start searching element by locator-->By.cssSelector: .dialog-container h2
21:56:16 INFO  manager.MyListener - The element with locator-->By.cssSelector: .dialog-container h2was found
21:56:16 INFO  manager.MyListener - Start searching element by locator-->By.xpath: //button[text()='Ok']
21:56:16 INFO  manager.MyListener - The element with locator-->By.xpath: //button[text()='Ok']was found
21:56:16 INFO  manager.MyListener - Start searching element by locator-->By.xpath: //button[text()='Ok']
21:56:16 INFO  manager.MyListener - The element with locator-->By.xpath: //button[text()='Ok']was found
21:56:16 INFO  tests.TestBase - The end of test--->test
21:56:16 INFO  tests.TestBase - Start test--->test
21:56:16 INFO  manager.MyListener - Start searching element by locator-->By.xpath: //a[@href="/logout?url=%2Fsearch"]
21:56:17 INFO  manager.MyListener - The element with locator-->By.xpath: //a[@href="/logout?url=%2Fsearch"]was found
21:56:17 INFO  manager.MyListener - Start searching element by locator-->By.xpath: //a[@href="/logout?url=%2Fsearch"]
21:56:17 INFO  manager.MyListener - The element with locator-->By.xpath: //a[@href="/logout?url=%2Fsearch"]was found
21:56:17 INFO  manager.MyListener - Start searching element by locator-->By.xpath: //div[@class='header']/a[6]
21:56:17 INFO  manager.MyListener - The element with locator-->By.xpath: //div[@class='header']/a[6]was found
21:56:17 INFO  manager.MyListener - Start searching element by locator-->By.xpath: //input[@autocomplete='username']
21:56:17 INFO  manager.MyListener - The element with locator-->By.xpath: //input[@autocomplete='username']was found
21:56:17 INFO  manager.MyListener - Start searching element by locator-->By.xpath: //input[@autocomplete='current-password']
21:56:17 INFO  manager.MyListener - The element with locator-->By.xpath: //input[@autocomplete='current-password']was found
21:56:17 INFO  manager.MyListener - Start searching element by locator-->By.xpath: //button[@type='submit']
21:56:17 INFO  manager.MyListener - The element with locator-->By.xpath: //button[@type='submit']was found
21:56:19 INFO  manager.MyListener - Start searching element by locator-->By.cssSelector: .dialog-container
21:56:19 INFO  manager.MyListener - The element with locator-->By.cssSelector: .dialog-containerwas found
21:56:19 INFO  manager.MyListener - Start searching element by locator-->By.cssSelector: .dialog-container h2
21:56:19 INFO  manager.MyListener - The element with locator-->By.cssSelector: .dialog-container h2was found
21:56:19 INFO  manager.MyListener - Start searching element by locator-->By.xpath: //button[text()='Ok']
21:56:19 INFO  manager.MyListener - The element with locator-->By.xpath: //button[text()='Ok']was found
21:56:19 INFO  manager.MyListener - Start searching element by locator-->By.xpath: //button[text()='Ok']
21:56:19 INFO  manager.MyListener - The element with locator-->By.xpath: //button[text()='Ok']was found
21:56:19 INFO  tests.TestBase - The end of test--->test
21:56:19 INFO  tests.TestBase - Start test--->test
21:56:19 INFO  manager.MyListener - Start searching element by locator-->By.xpath: //a[@href="/logout?url=%2Fsearch"]
21:56:19 INFO  manager.MyListener - The element with locator-->By.xpath: //a[@href="/logout?url=%2Fsearch"]was found
21:56:19 INFO  manager.MyListener - Start searching element by locator-->By.xpath: //a[@href="/logout?url=%2Fsearch"]
21:56:19 INFO  manager.MyListener - The element with locator-->By.xpath: //a[@href="/logout?url=%2Fsearch"]was found
21:56:19 INFO  manager.MyListener - Start searching element by locator-->By.xpath: //div[@class='header']/a[6]
21:56:19 INFO  manager.MyListener - The element with locator-->By.xpath: //div[@class='header']/a[6]was found
21:56:19 INFO  manager.MyListener - Start searching element by locator-->By.xpath: //input[@autocomplete='username']
21:56:19 INFO  manager.MyListener - The element with locator-->By.xpath: //input[@autocomplete='username']was found
21:56:20 INFO  manager.MyListener - Start searching element by locator-->By.xpath: //input[@autocomplete='current-password']
21:56:20 INFO  manager.MyListener - The element with locator-->By.xpath: //input[@autocomplete='current-password']was found
21:56:20 INFO  manager.MyListener - Start searching element by locator-->By.xpath: //button[@type='submit']
21:56:20 INFO  manager.MyListener - The element with locator-->By.xpath: //button[@type='submit']was found
21:56:22 INFO  manager.MyListener - Start searching element by locator-->By.cssSelector: .dialog-container
21:56:22 INFO  manager.MyListener - The element with locator-->By.cssSelector: .dialog-containerwas found
21:56:22 INFO  manager.MyListener - Start searching element by locator-->By.cssSelector: .dialog-container h2
21:56:22 INFO  manager.MyListener - The element with locator-->By.cssSelector: .dialog-container h2was found
21:56:22 INFO  manager.MyListener - Start searching element by locator-->By.xpath: //button[text()='Ok']
21:56:22 INFO  manager.MyListener - The element with locator-->By.xpath: //button[text()='Ok']was found
21:56:22 INFO  manager.MyListener - Start searching element by locator-->By.xpath: //button[text()='Ok']
21:56:22 INFO  manager.MyListener - The element with locator-->By.xpath: //button[text()='Ok']was found
21:56:22 INFO  tests.TestBase - The end of test--->test
21:56:22 INFO  tests.TestBase - Start test--->test2
21:56:22 INFO  manager.MyListener - Start searching element by locator-->By.xpath: //a[@href="/logout?url=%2Fsearch"]
21:56:22 INFO  manager.MyListener - The element with locator-->By.xpath: //a[@href="/logout?url=%2Fsearch"]was found
21:56:22 INFO  manager.MyListener - Start searching element by locator-->By.xpath: //a[@href="/logout?url=%2Fsearch"]
21:56:22 INFO  manager.MyListener - The element with locator-->By.xpath: //a[@href="/logout?url=%2Fsearch"]was found
21:56:22 INFO  tests.TestBase - Test Login Positive starts with email-->goodwin49@mail.ru
21:56:22 INFO  tests.TestBase - Test Login Positive starts with password-->Car12345
21:56:22 INFO  manager.MyListener - Start searching element by locator-->By.xpath: //div[@class='header']/a[6]
21:56:22 INFO  manager.MyListener - The element with locator-->By.xpath: //div[@class='header']/a[6]was found
21:56:22 INFO  manager.MyListener - Start searching element by locator-->By.xpath: //input[@autocomplete='username']
21:56:22 INFO  manager.MyListener - The element with locator-->By.xpath: //input[@autocomplete='username']was found
21:56:22 INFO  manager.MyListener - Start searching element by locator-->By.xpath: //input[@autocomplete='current-password']
21:56:22 INFO  manager.MyListener - The element with locator-->By.xpath: //input[@autocomplete='current-password']was found
21:56:22 INFO  manager.MyListener - Start searching element by locator-->By.xpath: //button[@type='submit']
21:56:22 INFO  manager.MyListener - The element with locator-->By.xpath: //button[@type='submit']was found
21:56:24 INFO  manager.MyListener - Start searching element by locator-->By.cssSelector: .dialog-container
21:56:24 INFO  manager.MyListener - The element with locator-->By.cssSelector: .dialog-containerwas found
21:56:24 INFO  manager.MyListener - Start searching element by locator-->By.cssSelector: .dialog-container h2
21:56:24 INFO  manager.MyListener - The element with locator-->By.cssSelector: .dialog-container h2was found
21:56:24 INFO  manager.MyListener - Start searching element by locator-->By.xpath: //button[text()='Ok']
21:56:25 INFO  manager.MyListener - The element with locator-->By.xpath: //button[text()='Ok']was found
21:56:25 INFO  manager.MyListener - Start searching element by locator-->By.xpath: //button[text()='Ok']
21:56:25 INFO  manager.MyListener - The element with locator-->By.xpath: //button[text()='Ok']was found
21:56:25 INFO  tests.TestBase - The end of test--->test2
21:56:25 INFO  tests.TestBase - Start test--->test2
21:56:25 INFO  manager.MyListener - Start searching element by locator-->By.xpath: //a[@href="/logout?url=%2Fsearch"]
21:56:25 INFO  manager.MyListener - The element with locator-->By.xpath: //a[@href="/logout?url=%2Fsearch"]was found
21:56:25 INFO  manager.MyListener - Start searching element by locator-->By.xpath: //a[@href="/logout?url=%2Fsearch"]
21:56:25 INFO  manager.MyListener - The element with locator-->By.xpath: //a[@href="/logout?url=%2Fsearch"]was found
21:56:25 INFO  tests.TestBase - Test Login Positive starts with email-->goodwin49@mail.ru
21:56:25 INFO  tests.TestBase - Test Login Positive starts with password-->Car12345
21:56:25 INFO  manager.MyListener - Start searching element by locator-->By.xpath: //div[@class='header']/a[6]
21:56:25 INFO  manager.MyListener - The element with locator-->By.xpath: //div[@class='header']/a[6]was found
21:56:25 INFO  manager.MyListener - Start searching element by locator-->By.xpath: //input[@autocomplete='username']
21:56:25 INFO  manager.MyListener - The element with locator-->By.xpath: //input[@autocomplete='username']was found
21:56:25 INFO  manager.MyListener - Start searching element by locator-->By.xpath: //input[@autocomplete='current-password']
21:56:25 INFO  manager.MyListener - The element with locator-->By.xpath: //input[@autocomplete='current-password']was found
21:56:25 INFO  manager.MyListener - Start searching element by locator-->By.xpath: //button[@type='submit']
21:56:25 INFO  manager.MyListener - The element with locator-->By.xpath: //button[@type='submit']was found
21:56:27 INFO  manager.MyListener - Start searching element by locator-->By.cssSelector: .dialog-container
21:56:27 INFO  manager.MyListener - The element with locator-->By.cssSelector: .dialog-containerwas found
21:56:27 INFO  manager.MyListener - Start searching element by locator-->By.cssSelector: .dialog-container h2
21:56:27 INFO  manager.MyListener - The element with locator-->By.cssSelector: .dialog-container h2was found
21:56:27 INFO  manager.MyListener - Start searching element by locator-->By.xpath: //button[text()='Ok']
21:56:27 INFO  manager.MyListener - The element with locator-->By.xpath: //button[text()='Ok']was found
21:56:27 INFO  manager.MyListener - Start searching element by locator-->By.xpath: //button[text()='Ok']
21:56:27 INFO  manager.MyListener - The element with locator-->By.xpath: //button[text()='Ok']was found
21:56:27 INFO  tests.TestBase - The end of test--->test2
21:56:27 INFO  tests.TestBase - Start test--->wrongEmail
21:56:27 INFO  manager.MyListener - Start searching element by locator-->By.xpath: //a[@href="/logout?url=%2Fsearch"]
21:56:27 INFO  manager.MyListener - The element with locator-->By.xpath: //a[@href="/logout?url=%2Fsearch"]was found
21:56:27 INFO  manager.MyListener - Start searching element by locator-->By.xpath: //a[@href="/logout?url=%2Fsearch"]
21:56:27 INFO  manager.MyListener - The element with locator-->By.xpath: //a[@href="/logout?url=%2Fsearch"]was found
21:56:27 INFO  tests.TestBase - Test Login Negative wrong email starts with email-->goodwin49mail.ru
21:56:27 INFO  tests.TestBase - Test Login Negative wrong email starts with password-->Car12345
21:56:27 INFO  manager.MyListener - Start searching element by locator-->By.xpath: //div[@class='header']/a[6]
21:56:27 INFO  manager.MyListener - The element with locator-->By.xpath: //div[@class='header']/a[6]was found
21:56:27 INFO  manager.MyListener - Start searching element by locator-->By.xpath: //input[@autocomplete='username']
21:56:27 INFO  manager.MyListener - The element with locator-->By.xpath: //input[@autocomplete='username']was found
21:56:28 INFO  manager.MyListener - Start searching element by locator-->By.xpath: //input[@autocomplete='current-password']
21:56:28 INFO  manager.MyListener - The element with locator-->By.xpath: //input[@autocomplete='current-password']was found
21:56:28 INFO  manager.MyListener - Start searching element by locator-->By.xpath: //button[@type='submit']
21:56:28 INFO  manager.MyListener - The element with locator-->By.xpath: //button[@type='submit']was found
21:56:28 INFO  manager.MyListener - Start searching element by locator-->By.xpath: //div[contains(text(),"It'snot")]
21:56:28 INFO  manager.MyListener - The element with locator-->By.xpath: //div[contains(text(),"It'snot")]was found
21:56:28 INFO  manager.MyListener - Start searching element by locator-->By.xpath: //a[@href="/logout?url=%2Fsearch"]
21:56:43 INFO  manager.MyListener - The element with locator-->By.xpath: //a[@href="/logout?url=%2Fsearch"]was found
21:56:43 INFO  manager.MyListener - Start searching element by locator-->By.xpath: //button[text()='Ok']
21:56:58 INFO  manager.MyListener - The element with locator-->By.xpath: //button[text()='Ok']was found
21:56:58 INFO  tests.TestBase - The end of test--->wrongEmail
21:56:58 INFO  tests.TestBase - Start test--->wrongPass
21:56:58 INFO  manager.MyListener - Start searching element by locator-->By.xpath: //a[@href="/logout?url=%2Fsearch"]
21:57:13 INFO  manager.MyListener - The element with locator-->By.xpath: //a[@href="/logout?url=%2Fsearch"]was found
21:57:13 INFO  tests.TestBase - Test Login Negative wrong password starts with email-->goodwin49@mail.ru
21:57:13 INFO  tests.TestBase - Test Login Negative wrong password starts with password-->ar12345
21:57:13 INFO  manager.MyListener - Start searching element by locator-->By.xpath: //div[@class='header']/a[6]
21:57:13 INFO  manager.MyListener - The element with locator-->By.xpath: //div[@class='header']/a[6]was found
21:57:13 INFO  manager.MyListener - Start searching element by locator-->By.xpath: //input[@autocomplete='username']
21:57:13 INFO  manager.MyListener - The element with locator-->By.xpath: //input[@autocomplete='username']was found
21:57:13 INFO  manager.MyListener - Start searching element by locator-->By.xpath: //input[@autocomplete='current-password']
21:57:13 INFO  manager.MyListener - The element with locator-->By.xpath: //input[@autocomplete='current-password']was found
21:57:13 INFO  manager.MyListener - Start searching element by locator-->By.xpath: //button[@type='submit']
21:57:13 INFO  manager.MyListener - The element with locator-->By.xpath: //button[@type='submit']was found
21:57:13 INFO  manager.MyListener - Start searching element by locator-->By.xpath: //mat-dialog-container
21:57:14 INFO  manager.MyListener - The element with locator-->By.xpath: //mat-dialog-containerwas found
21:57:14 INFO  manager.MyListener - Start searching element by locator-->By.xpath: //mat-dialog-container//h2
21:57:14 INFO  manager.MyListener - The element with locator-->By.xpath: //mat-dialog-container//h2was found
21:57:14 INFO  manager.MyListener - Start searching element by locator-->By.xpath: //a[@href="/logout?url=%2Fsearch"]
21:57:29 INFO  manager.MyListener - The element with locator-->By.xpath: //a[@href="/logout?url=%2Fsearch"]was found
21:57:29 INFO  manager.MyListener - Start searching element by locator-->By.xpath: //button[text()='Ok']
21:57:29 INFO  manager.MyListener - The element with locator-->By.xpath: //button[text()='Ok']was found
21:57:29 INFO  manager.MyListener - Start searching element by locator-->By.xpath: //button[text()='Ok']
21:57:29 INFO  manager.MyListener - The element with locator-->By.xpath: //button[text()='Ok']was found
21:57:29 INFO  tests.TestBase - The end of test--->wrongPass
]]></system-out>
  <system-err><![CDATA[]]></system-err>
</testsuite>
