<?xml version="1.0" encoding="UTF-8"?>
<testsuite name="tests.FindYourCar" tests="5" skipped="0" failures="1" errors="0" timestamp="2021-11-29T19:57:29" hostname="LAPTOP-44JBEN25" time="32.847">
  <properties/>
  <testcase name="findYourCarPositive" classname="tests.FindYourCar" time="15.576">
    <failure message="org.openqa.selenium.NoSuchElementException: no such element: Unable to locate element: {&quot;method&quot;:&quot;xpath&quot;,&quot;selector&quot;:&quot;//input[@id='city']&quot;}&#10;  (Session info: chrome=96.0.4664.45)&#10;For documentation on this error, please visit: https://www.seleniumhq.org/exceptions/no_such_element.html&#10;Build info: version: '3.141.59', revision: 'e82be7d358', time: '2018-11-14T08:17:03'&#10;System info: host: 'LAPTOP-44JBEN25', ip: '172.20.10.2', os.name: 'Windows 10', os.arch: 'amd64', os.version: '10.0', java.version: '1.8.0_301'&#10;Driver info: org.openqa.selenium.chrome.ChromeDriver&#10;Capabilities {acceptInsecureCerts: false, browserName: chrome, browserVersion: 96.0.4664.45, chrome: {chromedriverVersion: 96.0.4664.45 (76e4c1bb2ab46..., userDataDir: C:\Users\gorbu\AppData\Loca...}, goog:chromeOptions: {debuggerAddress: localhost:50245}, javascriptEnabled: true, networkConnectionEnabled: false, pageLoadStrategy: normal, platform: WINDOWS, platformName: WINDOWS, proxy: Proxy(), setWindowRect: true, strictFileInteractability: false, timeouts: {implicit: 0, pageLoad: 300000, script: 30000}, unhandledPromptBehavior: dismiss and notify, webauthn:extension:credBlob: true, webauthn:extension:largeBlob: true, webauthn:virtualAuthenticators: true}&#10;Session ID: 23d8df0f0da2e238af3dcc3468daff68&#10;*** Element info: {Using=xpath, value=//input[@id='city']}" type="org.openqa.selenium.NoSuchElementException">org.openqa.selenium.NoSuchElementException: no such element: Unable to locate element: {&quot;method&quot;:&quot;xpath&quot;,&quot;selector&quot;:&quot;//input[@id='city']&quot;}
  (Session info: chrome=96.0.4664.45)
For documentation on this error, please visit: https://www.seleniumhq.org/exceptions/no_such_element.html
Build info: version: '3.141.59', revision: 'e82be7d358', time: '2018-11-14T08:17:03'
System info: host: 'LAPTOP-44JBEN25', ip: '172.20.10.2', os.name: 'Windows 10', os.arch: 'amd64', os.version: '10.0', java.version: '1.8.0_301'
Driver info: org.openqa.selenium.chrome.ChromeDriver
Capabilities {acceptInsecureCerts: false, browserName: chrome, browserVersion: 96.0.4664.45, chrome: {chromedriverVersion: 96.0.4664.45 (76e4c1bb2ab46..., userDataDir: C:\Users\gorbu\AppData\Loca...}, goog:chromeOptions: {debuggerAddress: localhost:50245}, javascriptEnabled: true, networkConnectionEnabled: false, pageLoadStrategy: normal, platform: WINDOWS, platformName: WINDOWS, proxy: Proxy(), setWindowRect: true, strictFileInteractability: false, timeouts: {implicit: 0, pageLoad: 300000, script: 30000}, unhandledPromptBehavior: dismiss and notify, webauthn:extension:credBlob: true, webauthn:extension:largeBlob: true, webauthn:virtualAuthenticators: true}
Session ID: 23d8df0f0da2e238af3dcc3468daff68
*** Element info: {Using=xpath, value=//input[@id='city']}
	at manager.MyListener.onException(MyListener.java:36)
	at sun.reflect.NativeMethodAccessorImpl.invoke0(Native Method)
	at sun.reflect.NativeMethodAccessorImpl.invoke(NativeMethodAccessorImpl.java:62)
	at sun.reflect.DelegatingMethodAccessorImpl.invoke(DelegatingMethodAccessorImpl.java:43)
	at java.lang.reflect.Method.invoke(Method.java:498)
	at org.openqa.selenium.support.events.EventFiringWebDriver.lambda$new$0(EventFiringWebDriver.java:84)
	at com.sun.proxy.$Proxy11.onException(Unknown Source)
	at org.openqa.selenium.support.events.EventFiringWebDriver.lambda$new$1(EventFiringWebDriver.java:107)
	at com.sun.proxy.$Proxy12.findElement(Unknown Source)
	at org.openqa.selenium.support.events.EventFiringWebDriver.findElement(EventFiringWebDriver.java:194)
	at manager.HelperBase.type(HelperBase.java:22)
	at manager.CarHelper.typeCity(CarHelper.java:89)
	at tests.FindYourCar.findYourCarPositive(FindYourCar.java:11)
	at sun.reflect.NativeMethodAccessorImpl.invoke0(Native Method)
	at sun.reflect.NativeMethodAccessorImpl.invoke(NativeMethodAccessorImpl.java:62)
	at sun.reflect.DelegatingMethodAccessorImpl.invoke(DelegatingMethodAccessorImpl.java:43)
	at java.lang.reflect.Method.invoke(Method.java:498)
	at org.testng.internal.MethodInvocationHelper.invokeMethod(MethodInvocationHelper.java:133)
	at org.testng.internal.TestInvoker.invokeMethod(TestInvoker.java:598)
	at org.testng.internal.TestInvoker.invokeTestMethod(TestInvoker.java:173)
	at org.testng.internal.MethodRunner.runInSequence(MethodRunner.java:46)
	at org.testng.internal.TestInvoker$MethodInvocationAgent.invoke(TestInvoker.java:824)
	at org.testng.internal.TestInvoker.invokeTestMethods(TestInvoker.java:146)
	at org.testng.internal.TestMethodWorker.invokeTestMethods(TestMethodWorker.java:146)
	at org.testng.internal.TestMethodWorker.run(TestMethodWorker.java:128)
	at java.util.ArrayList.forEach(ArrayList.java:1259)
	at org.testng.TestRunner.privateRun(TestRunner.java:794)
	at org.testng.TestRunner.run(TestRunner.java:596)
	at org.testng.SuiteRunner.runTest(SuiteRunner.java:377)
	at org.testng.SuiteRunner.runSequentially(SuiteRunner.java:371)
	at org.testng.SuiteRunner.privateRun(SuiteRunner.java:332)
	at org.testng.SuiteRunner.run(SuiteRunner.java:276)
	at org.testng.SuiteRunnerWorker.runSuite(SuiteRunnerWorker.java:53)
	at org.testng.SuiteRunnerWorker.run(SuiteRunnerWorker.java:96)
	at org.testng.TestNG.runSuitesSequentially(TestNG.java:1212)
	at org.testng.TestNG.runSuitesLocally(TestNG.java:1134)
	at org.testng.TestNG.runSuites(TestNG.java:1063)
	at org.testng.TestNG.run(TestNG.java:1031)
	at org.gradle.api.internal.tasks.testing.testng.TestNGTestClassProcessor.runTests(TestNGTestClassProcessor.java:141)
	at org.gradle.api.internal.tasks.testing.testng.TestNGTestClassProcessor.stop(TestNGTestClassProcessor.java:90)
	at org.gradle.api.internal.tasks.testing.SuiteTestClassProcessor.stop(SuiteTestClassProcessor.java:61)
	at sun.reflect.NativeMethodAccessorImpl.invoke0(Native Method)
	at sun.reflect.NativeMethodAccessorImpl.invoke(NativeMethodAccessorImpl.java:62)
	at sun.reflect.DelegatingMethodAccessorImpl.invoke(DelegatingMethodAccessorImpl.java:43)
	at java.lang.reflect.Method.invoke(Method.java:498)
	at org.gradle.internal.dispatch.ReflectionDispatch.dispatch(ReflectionDispatch.java:36)
	at org.gradle.internal.dispatch.ReflectionDispatch.dispatch(ReflectionDispatch.java:24)
	at org.gradle.internal.dispatch.ContextClassLoaderDispatch.dispatch(ContextClassLoaderDispatch.java:33)
	at org.gradle.internal.dispatch.ProxyDispatchAdapter$DispatchingInvocationHandler.invoke(ProxyDispatchAdapter.java:94)
	at com.sun.proxy.$Proxy2.stop(Unknown Source)
	at org.gradle.api.internal.tasks.testing.worker.TestWorker.stop(TestWorker.java:135)
	at sun.reflect.NativeMethodAccessorImpl.invoke0(Native Method)
	at sun.reflect.NativeMethodAccessorImpl.invoke(NativeMethodAccessorImpl.java:62)
	at sun.reflect.DelegatingMethodAccessorImpl.invoke(DelegatingMethodAccessorImpl.java:43)
	at java.lang.reflect.Method.invoke(Method.java:498)
	at org.gradle.internal.dispatch.ReflectionDispatch.dispatch(ReflectionDispatch.java:36)
	at org.gradle.internal.dispatch.ReflectionDispatch.dispatch(ReflectionDispatch.java:24)
	at org.gradle.internal.remote.internal.hub.MessageHubBackedObjectConnection$DispatchWrapper.dispatch(MessageHubBackedObjectConnection.java:182)
	at org.gradle.internal.remote.internal.hub.MessageHubBackedObjectConnection$DispatchWrapper.dispatch(MessageHubBackedObjectConnection.java:164)
	at org.gradle.internal.remote.internal.hub.MessageHub$Handler.run(MessageHub.java:414)
	at org.gradle.internal.concurrent.ExecutorPolicy$CatchAndRecordFailures.onExecute(ExecutorPolicy.java:64)
	at org.gradle.internal.concurrent.ManagedExecutorImpl$1.run(ManagedExecutorImpl.java:48)
	at java.util.concurrent.ThreadPoolExecutor.runWorker(ThreadPoolExecutor.java:1149)
	at java.util.concurrent.ThreadPoolExecutor$Worker.run(ThreadPoolExecutor.java:624)
	at org.gradle.internal.concurrent.ThreadFactoryImpl$ManagedThreadRunnable.run(ThreadFactoryImpl.java:56)
	at java.lang.Thread.run(Thread.java:748)
</failure>
  </testcase>
  <testcase name="findYourCarPositive2" classname="tests.FindYourCar" time="3.158"/>
  <testcase name="findYourCarPositive3" classname="tests.FindYourCar" time="2.624"/>
  <testcase name="searchTestYear" classname="tests.FindYourCar" time="6.859"/>
  <testcase name="searchTests" classname="tests.FindYourCar" time="3.349"/>
  <system-out><![CDATA[21:57:29 INFO  tests.TestBase - Start test--->findYourCarPositive
21:57:29 INFO  manager.MyListener - Start searching element by locator-->By.xpath: //input[@id='city']
21:57:44 ERROR manager.MyListener - Something went wrong
21:57:44 ERROR manager.MyListener - no such element: Unable to locate element: {"method":"xpath","selector":"//input[@id='city']"}
  (Session info: chrome=96.0.4664.45)
For documentation on this error, please visit: https://www.seleniumhq.org/exceptions/no_such_element.html
Build info: version: '3.141.59', revision: 'e82be7d358', time: '2018-11-14T08:17:03'
System info: host: 'LAPTOP-44JBEN25', ip: '172.20.10.2', os.name: 'Windows 10', os.arch: 'amd64', os.version: '10.0', java.version: '1.8.0_301'
Driver info: org.openqa.selenium.chrome.ChromeDriver
Capabilities {acceptInsecureCerts: false, browserName: chrome, browserVersion: 96.0.4664.45, chrome: {chromedriverVersion: 96.0.4664.45 (76e4c1bb2ab46..., userDataDir: C:\Users\gorbu\AppData\Loca...}, goog:chromeOptions: {debuggerAddress: localhost:50245}, javascriptEnabled: true, networkConnectionEnabled: false, pageLoadStrategy: normal, platform: WINDOWS, platformName: WINDOWS, proxy: Proxy(), setWindowRect: true, strictFileInteractability: false, timeouts: {implicit: 0, pageLoad: 300000, script: 30000}, unhandledPromptBehavior: dismiss and notify, webauthn:extension:credBlob: true, webauthn:extension:largeBlob: true, webauthn:virtualAuthenticators: true}
Session ID: 23d8df0f0da2e238af3dcc3468daff68
*** Element info: {Using=xpath, value=//input[@id='city']}
21:57:44 ERROR manager.MyListener - org.openqa.selenium.NoSuchElementException: no such element: Unable to locate element: {"method":"xpath","selector":"//input[@id='city']"}
  (Session info: chrome=96.0.4664.45)
For documentation on this error, please visit: https://www.seleniumhq.org/exceptions/no_such_element.html
Build info: version: '3.141.59', revision: 'e82be7d358', time: '2018-11-14T08:17:03'
System info: host: 'LAPTOP-44JBEN25', ip: '172.20.10.2', os.name: 'Windows 10', os.arch: 'amd64', os.version: '10.0', java.version: '1.8.0_301'
Driver info: org.openqa.selenium.chrome.ChromeDriver
Capabilities {acceptInsecureCerts: false, browserName: chrome, browserVersion: 96.0.4664.45, chrome: {chromedriverVersion: 96.0.4664.45 (76e4c1bb2ab46..., userDataDir: C:\Users\gorbu\AppData\Loca...}, goog:chromeOptions: {debuggerAddress: localhost:50245}, javascriptEnabled: true, networkConnectionEnabled: false, pageLoadStrategy: normal, platform: WINDOWS, platformName: WINDOWS, proxy: Proxy(), setWindowRect: true, strictFileInteractability: false, timeouts: {implicit: 0, pageLoad: 300000, script: 30000}, unhandledPromptBehavior: dismiss and notify, webauthn:extension:credBlob: true, webauthn:extension:largeBlob: true, webauthn:virtualAuthenticators: true}
Session ID: 23d8df0f0da2e238af3dcc3468daff68
*** Element info: {Using=xpath, value=//input[@id='city']}
21:57:45 INFO  manager.MyListener - This link to the screenshot with error-->src/test/resources/screenshots/screenshot-3464.png
21:57:45 INFO  manager.MyListener - Start searching element by locator-->By.xpath: //div[@class='header']//img[@alt='logo']
21:57:45 INFO  manager.MyListener - The element with locator-->By.xpath: //div[@class='header']//img[@alt='logo']was found
21:57:45 INFO  tests.TestBase - The end of test--->findYourCarPositive
21:57:45 INFO  tests.TestBase - Start test--->findYourCarPositive2
21:57:45 INFO  manager.MyListener - Start searching element by locator-->By.xpath: //input[@id='city']
21:57:45 INFO  manager.MyListener - The element with locator-->By.xpath: //input[@id='city']was found
21:57:45 INFO  manager.MyListener - Start searching element by locator-->By.cssSelector: div.pac-item
21:57:46 INFO  manager.MyListener - The element with locator-->By.cssSelector: div.pac-itemwas found
21:57:47 INFO  manager.MyListener - Start searching element by locator-->By.xpath: (//input[@id='dates'])[1]
21:57:47 INFO  manager.MyListener - The element with locator-->By.xpath: (//input[@id='dates'])[1]was found
21:57:47 INFO  manager.MyListener - Start searching element by locator-->By.xpath: //div[text()= 29 ]
21:57:47 INFO  manager.MyListener - The element with locator-->By.xpath: //div[text()= 29 ]was found
21:57:47 INFO  manager.MyListener - Start searching element by locator-->By.xpath: //div[text()= 30 ]
21:57:47 INFO  manager.MyListener - The element with locator-->By.xpath: //div[text()= 30 ]was found
21:57:47 INFO  manager.MyListener - Start searching element by locator-->By.xpath: //button[@type='submit']
21:57:47 INFO  manager.MyListener - The element with locator-->By.xpath: //button[@type='submit']was found
21:57:47 INFO  manager.MyListener - Start searching element by locator-->By.cssSelector: .car-img-container.ng-star-inserted
21:57:49 INFO  manager.MyListener - The element with locator-->By.cssSelector: .car-img-container.ng-star-insertedwas found
21:57:49 INFO  manager.MyListener - Start searching element by locator-->By.xpath: //div[@class='header']//img[@alt='logo']
21:57:49 INFO  manager.MyListener - The element with locator-->By.xpath: //div[@class='header']//img[@alt='logo']was found
21:57:49 INFO  tests.TestBase - The end of test--->findYourCarPositive2
21:57:49 INFO  tests.TestBase - Start test--->findYourCarPositive3
21:57:49 INFO  manager.MyListener - Start searching element by locator-->By.xpath: //input[@id='city']
21:57:49 INFO  manager.MyListener - The element with locator-->By.xpath: //input[@id='city']was found
21:57:49 INFO  manager.MyListener - Start searching element by locator-->By.cssSelector: div.pac-item
21:57:49 INFO  manager.MyListener - The element with locator-->By.cssSelector: div.pac-itemwas found
21:57:50 INFO  manager.MyListener - Start searching element by locator-->By.xpath: (//input[@id='dates'])[1]
21:57:50 INFO  manager.MyListener - The element with locator-->By.xpath: (//input[@id='dates'])[1]was found
21:57:50 INFO  manager.MyListener - Start searching element by locator-->By.xpath: //div[text()= 29 ]
21:57:50 INFO  manager.MyListener - The element with locator-->By.xpath: //div[text()= 29 ]was found
21:57:50 INFO  manager.MyListener - Start searching element by locator-->By.xpath: //div[text()= 30 ]
21:57:50 INFO  manager.MyListener - The element with locator-->By.xpath: //div[text()= 30 ]was found
21:57:50 INFO  manager.MyListener - Start searching element by locator-->By.xpath: //button[@type='submit']
21:57:50 INFO  manager.MyListener - The element with locator-->By.xpath: //button[@type='submit']was found
21:57:50 INFO  manager.MyListener - Start searching element by locator-->By.cssSelector: .car-img-container.ng-star-inserted
21:57:51 INFO  manager.MyListener - The element with locator-->By.cssSelector: .car-img-container.ng-star-insertedwas found
21:57:51 INFO  manager.MyListener - Start searching element by locator-->By.xpath: //div[@class='header']//img[@alt='logo']
21:57:51 INFO  manager.MyListener - The element with locator-->By.xpath: //div[@class='header']//img[@alt='logo']was found
21:57:52 INFO  tests.TestBase - The end of test--->findYourCarPositive3
21:57:52 INFO  tests.TestBase - Start test--->searchTestYear
21:57:52 INFO  manager.MyListener - Start searching element by locator-->By.xpath: //input[@id='city']
21:57:52 INFO  manager.MyListener - The element with locator-->By.xpath: //input[@id='city']was found
21:57:52 INFO  manager.MyListener - Start searching element by locator-->By.cssSelector: div.pac-item
21:57:52 INFO  manager.MyListener - The element with locator-->By.cssSelector: div.pac-itemwas found
21:57:53 INFO  manager.MyListener - Start searching element by locator-->By.xpath: (//input[@id='dates'])[1]
21:57:53 INFO  manager.MyListener - The element with locator-->By.xpath: (//input[@id='dates'])[1]was found
21:57:53 INFO  manager.MyListener - Start searching element by locator-->By.xpath: //button[@aria-label='Next month']
21:57:53 INFO  manager.MyListener - The element with locator-->By.xpath: //button[@aria-label='Next month']was found
21:57:53 INFO  manager.MyListener - Start searching element by locator-->By.xpath: //div[.=' 12 ']
21:57:53 INFO  manager.MyListener - The element with locator-->By.xpath: //div[.=' 12 ']was found
21:57:53 INFO  manager.MyListener - Start searching element by locator-->By.xpath: //button[@aria-label='Next month']
21:57:53 INFO  manager.MyListener - The element with locator-->By.xpath: //button[@aria-label='Next month']was found
21:57:53 INFO  manager.MyListener - Start searching element by locator-->By.xpath: //button[@aria-label='Next month']
21:57:53 INFO  manager.MyListener - The element with locator-->By.xpath: //button[@aria-label='Next month']was found
21:57:53 INFO  manager.MyListener - Start searching element by locator-->By.xpath: //button[@aria-label='Next month']
21:57:53 INFO  manager.MyListener - The element with locator-->By.xpath: //button[@aria-label='Next month']was found
21:57:53 INFO  manager.MyListener - Start searching element by locator-->By.xpath: //button[@aria-label='Next month']
21:57:53 INFO  manager.MyListener - The element with locator-->By.xpath: //button[@aria-label='Next month']was found
21:57:53 INFO  manager.MyListener - Start searching element by locator-->By.xpath: //button[@aria-label='Next month']
21:57:53 INFO  manager.MyListener - The element with locator-->By.xpath: //button[@aria-label='Next month']was found
21:57:53 INFO  manager.MyListener - Start searching element by locator-->By.xpath: //button[@aria-label='Next month']
21:57:53 INFO  manager.MyListener - The element with locator-->By.xpath: //button[@aria-label='Next month']was found
21:57:53 INFO  manager.MyListener - Start searching element by locator-->By.xpath: //div[.=' 6 ']
21:57:53 INFO  manager.MyListener - The element with locator-->By.xpath: //div[.=' 6 ']was found
21:57:58 INFO  manager.MyListener - Start searching element by locator-->By.xpath: //div[@class='header']//img[@alt='logo']
21:57:58 INFO  manager.MyListener - The element with locator-->By.xpath: //div[@class='header']//img[@alt='logo']was found
21:57:59 INFO  tests.TestBase - The end of test--->searchTestYear
21:57:59 INFO  tests.TestBase - Start test--->searchTests
21:57:59 INFO  manager.MyListener - Start searching element by locator-->By.xpath: //input[@id='city']
21:57:59 INFO  manager.MyListener - The element with locator-->By.xpath: //input[@id='city']was found
21:57:59 INFO  manager.MyListener - Start searching element by locator-->By.cssSelector: div.pac-item
21:58:00 INFO  manager.MyListener - The element with locator-->By.cssSelector: div.pac-itemwas found
21:58:00 INFO  manager.MyListener - Start searching element by locator-->By.xpath: (//input[@id='dates'])[1]
21:58:00 INFO  manager.MyListener - The element with locator-->By.xpath: (//input[@id='dates'])[1]was found
21:58:00 INFO  manager.MyListener - Start searching element by locator-->By.xpath: //button[@aria-label='Next month']
21:58:00 INFO  manager.MyListener - The element with locator-->By.xpath: //button[@aria-label='Next month']was found
21:58:00 INFO  manager.MyListener - Start searching element by locator-->By.xpath: //div[.=' 15 ']
21:58:00 INFO  manager.MyListener - The element with locator-->By.xpath: //div[.=' 15 ']was found
21:58:00 INFO  manager.MyListener - Start searching element by locator-->By.xpath: //button[@aria-label='Next month']
21:58:00 INFO  manager.MyListener - The element with locator-->By.xpath: //button[@aria-label='Next month']was found
21:58:00 INFO  manager.MyListener - Start searching element by locator-->By.xpath: //button[@aria-label='Next month']
21:58:00 INFO  manager.MyListener - The element with locator-->By.xpath: //button[@aria-label='Next month']was found
21:58:00 INFO  manager.MyListener - Start searching element by locator-->By.xpath: //button[@aria-label='Next month']
21:58:00 INFO  manager.MyListener - The element with locator-->By.xpath: //button[@aria-label='Next month']was found
21:58:01 INFO  manager.MyListener - Start searching element by locator-->By.xpath: //div[.=' 10 ']
21:58:01 INFO  manager.MyListener - The element with locator-->By.xpath: //div[.=' 10 ']was found
21:58:01 INFO  manager.MyListener - Start searching element by locator-->By.xpath: //button[@type='submit']
21:58:01 INFO  manager.MyListener - The element with locator-->By.xpath: //button[@type='submit']was found
21:58:01 INFO  manager.MyListener - Start searching element by locator-->By.cssSelector: .car-img-container.ng-star-inserted
21:58:02 INFO  manager.MyListener - The element with locator-->By.cssSelector: .car-img-container.ng-star-insertedwas found
21:58:02 INFO  manager.MyListener - Start searching element by locator-->By.xpath: //div[@class='header']//img[@alt='logo']
21:58:02 INFO  manager.MyListener - The element with locator-->By.xpath: //div[@class='header']//img[@alt='logo']was found
21:58:02 INFO  tests.TestBase - The end of test--->searchTests
]]></system-out>
  <system-err><![CDATA[]]></system-err>
</testsuite>
